============================= test session starts ==============================
platform linux -- Python 3.13.7, pytest-8.3.4, pluggy-1.5.0
rootdir: /home/amanda/software/cclib/main
configfile: pytest.ini
collected 958 items

test/data/testSP.py::GenericSPTest::testnatom[data0] SKIPPED (got em...) [  0%]
test/data/testSP.py::GenericSPTest::testatomnos[data0] SKIPPED (got ...) [  0%]
test/data/testSP.py::GenericSPTest::testatomcharges[data0] SKIPPED (...) [  0%]
test/data/testSP.py::GenericSPTest::testatomcharges_mulliken[data0] SKIPPED [  0%]
test/data/testSP.py::GenericSPTest::testatomcharges_lowdin[data0] SKIPPED [  0%]
test/data/testSP.py::GenericSPTest::testatomcharges_hirshfeld[data0] SKIPPED [  0%]
test/data/testSP.py::GenericSPTest::testatomcoords[data0] SKIPPED (g...) [  0%]
test/data/testSP.py::GenericSPTest::testatomcoords_units[data0] SKIPPED  [  0%]
test/data/testSP.py::GenericSPTest::testcharge_and_mult[data0] SKIPPED   [  0%]
test/data/testSP.py::GenericSPTest::testnbasis[data0] SKIPPED (got e...) [  1%]
test/data/testSP.py::GenericSPTest::testatombasis[data0] SKIPPED (go...) [  1%]
test/data/testSP.py::GenericSPTest::testatommasses[data0] SKIPPED (g...) [  1%]
test/data/testSP.py::GenericSPTest::testcoreelectrons[data0] SKIPPED     [  1%]
test/data/testSP.py::GenericSPTest::testsymlabels[data0] SKIPPED (go...) [  1%]
test/data/testSP.py::GenericSPTest::testhomos[data0] SKIPPED (got em...) [  1%]
test/data/testSP.py::GenericSPTest::testscfvaluetype[data0] SKIPPED      [  1%]
test/data/testSP.py::GenericSPTest::testscfenergy[data0] SKIPPED (go...) [  1%]
test/data/testSP.py::GenericSPTest::testscftargetdim[data0] SKIPPED      [  1%]
test/data/testSP.py::GenericSPTest::testscftargets[data0] SKIPPED (g...) [  1%]
test/data/testSP.py::GenericSPTest::testlengthmoenergies[data0] SKIPPED  [  2%]
test/data/testSP.py::GenericSPTest::testtypemoenergies[data0] SKIPPED    [  2%]
test/data/testSP.py::GenericSPTest::testfirstmoenergy[data0] SKIPPED     [  2%]
test/data/testSP.py::GenericSPTest::testdimmocoeffs[data0] SKIPPED (...) [  2%]
test/data/testSP.py::GenericSPTest::testfornoormo[data0] SKIPPED (go...) [  2%]
test/data/testSP.py::GenericSPTest::testdimnoccnos[data0] SKIPPED (g...) [  2%]
test/data/testSP.py::GenericSPTest::testdimnocoeffs[data0] SKIPPED (...) [  2%]
test/data/testSP.py::GenericSPTest::testaooverlaps[data0] SKIPPED (g...) [  2%]
test/data/testSP.py::GenericSPTest::testoptdone[data0] SKIPPED (got ...) [  2%]
test/data/testSP.py::GenericSPTest::testrotconsts[data0] SKIPPED (go...) [  3%]
test/data/testSP.py::GenericSPTest::testmoments[data0] SKIPPED (got ...) [  3%]
test/data/testSP.py::GenericSPTest::testmetadata_basis_set[data0] SKIPPED [  3%]
test/data/testSP.py::GenericSPTest::testmetadata_input_file[data0] SKIPPED [  3%]
test/data/testSP.py::GenericSPTest::testmetadata_methods[data0] SKIPPED  [  3%]
test/data/testSP.py::GenericSPTest::testmetadata_package[data0] SKIPPED  [  3%]
test/data/testSP.py::GenericSPTest::testmetadata_legacy_package_version[data0] SKIPPED [  3%]
test/data/testSP.py::GenericSPTest::testmetadata_package_version[data0] SKIPPED [  3%]
test/data/testSP.py::GenericSPTest::testmetadata_success[data0] SKIPPED  [  3%]
test/data/testSP.py::GenericSPTest::testmetadata_symmetry_detected[data0] SKIPPED [  3%]
test/data/testSP.py::GenericSPTest::testmetadata_symmetry_used[data0] SKIPPED [  4%]
test/data/testSP.py::GenericSPTest::testmetadata_times[data0] SKIPPED    [  4%]
test/data/testSP.py::GenericHFSPTest::testnatom[data0] SKIPPED (got ...) [  4%]
test/data/testSP.py::GenericHFSPTest::testatomnos[data0] SKIPPED (go...) [  4%]
test/data/testSP.py::GenericHFSPTest::testatomcharges[data0] SKIPPED     [  4%]
test/data/testSP.py::GenericHFSPTest::testatomcharges_mulliken[data0] SKIPPED [  4%]
test/data/testSP.py::GenericHFSPTest::testatomcharges_lowdin[data0] SKIPPED [  4%]
test/data/testSP.py::GenericHFSPTest::testatomcharges_hirshfeld[data0] SKIPPED [  4%]
test/data/testSP.py::GenericHFSPTest::testatomcoords[data0] SKIPPED      [  4%]
test/data/testSP.py::GenericHFSPTest::testatomcoords_units[data0] SKIPPED [  5%]
test/data/testSP.py::GenericHFSPTest::testcharge_and_mult[data0] SKIPPED [  5%]
test/data/testSP.py::GenericHFSPTest::testnbasis[data0] SKIPPED (got...) [  5%]
test/data/testSP.py::GenericHFSPTest::testatombasis[data0] SKIPPED (...) [  5%]
test/data/testSP.py::GenericHFSPTest::testatommasses[data0] SKIPPED      [  5%]
test/data/testSP.py::GenericHFSPTest::testcoreelectrons[data0] SKIPPED   [  5%]
test/data/testSP.py::GenericHFSPTest::testsymlabels[data0] SKIPPED (...) [  5%]
test/data/testSP.py::GenericHFSPTest::testhomos[data0] SKIPPED (got ...) [  5%]
test/data/testSP.py::GenericHFSPTest::testscfvaluetype[data0] SKIPPED    [  5%]
test/data/testSP.py::GenericHFSPTest::testscfenergy[data0] SKIPPED (...) [  5%]
test/data/testSP.py::GenericHFSPTest::testscftargetdim[data0] SKIPPED    [  6%]
test/data/testSP.py::GenericHFSPTest::testscftargets[data0] SKIPPED      [  6%]
test/data/testSP.py::GenericHFSPTest::testlengthmoenergies[data0] SKIPPED [  6%]
test/data/testSP.py::GenericHFSPTest::testtypemoenergies[data0] SKIPPED  [  6%]
test/data/testSP.py::GenericHFSPTest::testfirstmoenergy[data0] SKIPPED   [  6%]
test/data/testSP.py::GenericHFSPTest::testdimmocoeffs[data0] SKIPPED     [  6%]
test/data/testSP.py::GenericHFSPTest::testfornoormo[data0] SKIPPED (...) [  6%]
test/data/testSP.py::GenericHFSPTest::testdimnoccnos[data0] SKIPPED      [  6%]
test/data/testSP.py::GenericHFSPTest::testdimnocoeffs[data0] SKIPPED     [  6%]
test/data/testSP.py::GenericHFSPTest::testaooverlaps[data0] SKIPPED      [  6%]
test/data/testSP.py::GenericHFSPTest::testoptdone[data0] SKIPPED (go...) [  7%]
test/data/testSP.py::GenericHFSPTest::testrotconsts[data0] SKIPPED (...) [  7%]
test/data/testSP.py::GenericHFSPTest::testmoments[data0] SKIPPED (go...) [  7%]
test/data/testSP.py::GenericHFSPTest::testmetadata_basis_set[data0] SKIPPED [  7%]
test/data/testSP.py::GenericHFSPTest::testmetadata_input_file[data0] SKIPPED [  7%]
test/data/testSP.py::GenericHFSPTest::testmetadata_methods[data0] SKIPPED [  7%]
test/data/testSP.py::GenericHFSPTest::testmetadata_package[data0] SKIPPED [  7%]
test/data/testSP.py::GenericHFSPTest::testmetadata_legacy_package_version[data0] SKIPPED [  7%]
test/data/testSP.py::GenericHFSPTest::testmetadata_package_version[data0] SKIPPED [  7%]
test/data/testSP.py::GenericHFSPTest::testmetadata_success[data0] SKIPPED [  8%]
test/data/testSP.py::GenericHFSPTest::testmetadata_symmetry_detected[data0] SKIPPED [  8%]
test/data/testSP.py::GenericHFSPTest::testmetadata_symmetry_used[data0] SKIPPED [  8%]
test/data/testSP.py::GenericHFSPTest::testmetadata_times[data0] SKIPPED  [  8%]
test/data/testSP.py::ADFSPTest::testnatom[data0] SKIPPED (got empty ...) [  8%]
test/data/testSP.py::ADFSPTest::testatomnos[data0] SKIPPED (got empt...) [  8%]
test/data/testSP.py::ADFSPTest::testatomcharges[data0] SKIPPED (got ...) [  8%]
test/data/testSP.py::ADFSPTest::testatomcharges_mulliken[data0] SKIPPED  [  8%]
test/data/testSP.py::ADFSPTest::testatomcharges_lowdin[data0] SKIPPED    [  8%]
test/data/testSP.py::ADFSPTest::testatomcharges_hirshfeld[data0] SKIPPED [  8%]
test/data/testSP.py::ADFSPTest::testatomcoords[data0] SKIPPED (got e...) [  9%]
test/data/testSP.py::ADFSPTest::testatomcoords_units[data0] SKIPPED      [  9%]
test/data/testSP.py::ADFSPTest::testcharge_and_mult[data0] SKIPPED (...) [  9%]
test/data/testSP.py::ADFSPTest::testnbasis[data0] SKIPPED (got empty...) [  9%]
test/data/testSP.py::ADFSPTest::testatombasis[data0] SKIPPED (got em...) [  9%]
test/data/testSP.py::ADFSPTest::testatommasses[data0] SKIPPED (got e...) [  9%]
test/data/testSP.py::ADFSPTest::testcoreelectrons[data0] SKIPPED (go...) [  9%]
test/data/testSP.py::ADFSPTest::testsymlabels[data0] SKIPPED (got em...) [  9%]
test/data/testSP.py::ADFSPTest::testhomos[data0] SKIPPED (got empty ...) [  9%]
test/data/testSP.py::ADFSPTest::testscfvaluetype[data0] SKIPPED (got...) [ 10%]
test/data/testSP.py::ADFSPTest::testscfenergy[data0] SKIPPED (got em...) [ 10%]
test/data/testSP.py::ADFSPTest::testscftargetdim[data0] SKIPPED (got...) [ 10%]
test/data/testSP.py::ADFSPTest::testscftargets[data0] SKIPPED (got e...) [ 10%]
test/data/testSP.py::ADFSPTest::testlengthmoenergies[data0] SKIPPED      [ 10%]
test/data/testSP.py::ADFSPTest::testtypemoenergies[data0] SKIPPED (g...) [ 10%]
test/data/testSP.py::ADFSPTest::testfirstmoenergy[data0] SKIPPED (go...) [ 10%]
test/data/testSP.py::ADFSPTest::testdimmocoeffs[data0] SKIPPED (got ...) [ 10%]
test/data/testSP.py::ADFSPTest::testfornoormo[data0] SKIPPED (got em...) [ 10%]
test/data/testSP.py::ADFSPTest::testdimnoccnos[data0] SKIPPED (got e...) [ 10%]
test/data/testSP.py::ADFSPTest::testdimnocoeffs[data0] SKIPPED (got ...) [ 11%]
test/data/testSP.py::ADFSPTest::testaooverlaps[data0] SKIPPED (got e...) [ 11%]
test/data/testSP.py::ADFSPTest::testoptdone[data0] SKIPPED (got empt...) [ 11%]
test/data/testSP.py::ADFSPTest::testrotconsts[data0] SKIPPED (got em...) [ 11%]
test/data/testSP.py::ADFSPTest::testmoments[data0] SKIPPED (got empt...) [ 11%]
test/data/testSP.py::ADFSPTest::testmetadata_basis_set[data0] SKIPPED    [ 11%]
test/data/testSP.py::ADFSPTest::testmetadata_input_file[data0] SKIPPED   [ 11%]
test/data/testSP.py::ADFSPTest::testmetadata_methods[data0] SKIPPED      [ 11%]
test/data/testSP.py::ADFSPTest::testmetadata_package[data0] SKIPPED      [ 11%]
test/data/testSP.py::ADFSPTest::testmetadata_legacy_package_version[data0] SKIPPED [ 12%]
test/data/testSP.py::ADFSPTest::testmetadata_package_version[data0] SKIPPED [ 12%]
test/data/testSP.py::ADFSPTest::testmetadata_success[data0] SKIPPED      [ 12%]
test/data/testSP.py::ADFSPTest::testmetadata_symmetry_detected[data0] SKIPPED [ 12%]
test/data/testSP.py::ADFSPTest::testmetadata_symmetry_used[data0] SKIPPED [ 12%]
test/data/testSP.py::ADFSPTest::testmetadata_times[data0] SKIPPED (g...) [ 12%]
test/data/testSP.py::ADFSPTest::testfoverlaps[data0] SKIPPED (got em...) [ 12%]
test/data/testSP.py::GaussianSPTest::testnatom[Gaussian/basicGaussian09/dvb_sp.out] PASSED [ 12%]
test/data/testSP.py::GaussianSPTest::testatomnos[Gaussian/basicGaussian09/dvb_sp.out] PASSED [ 12%]
test/data/testSP.py::GaussianSPTest::testatomcharges[Gaussian/basicGaussian09/dvb_sp.out] SKIPPED [ 12%]
test/data/testSP.py::GaussianSPTest::testatomcharges_mulliken[Gaussian/basicGaussian09/dvb_sp.out] SKIPPED [ 13%]
test/data/testSP.py::GaussianSPTest::testatomcharges_lowdin[Gaussian/basicGaussian09/dvb_sp.out] SKIPPED [ 13%]
test/data/testSP.py::GaussianSPTest::testatomcharges_hirshfeld[Gaussian/basicGaussian09/dvb_sp.out] SKIPPED [ 13%]
test/data/testSP.py::GaussianSPTest::testatomcoords[Gaussian/basicGaussian09/dvb_sp.out] PASSED [ 13%]
test/data/testSP.py::GaussianSPTest::testatomcoords_units[Gaussian/basicGaussian09/dvb_sp.out] PASSED [ 13%]
test/data/testSP.py::GaussianSPTest::testcharge_and_mult[Gaussian/basicGaussian09/dvb_sp.out] PASSED [ 13%]
test/data/testSP.py::GaussianSPTest::testnbasis[Gaussian/basicGaussian09/dvb_sp.out] PASSED [ 13%]
test/data/testSP.py::GaussianSPTest::testatombasis[Gaussian/basicGaussian09/dvb_sp.out] PASSED [ 13%]
test/data/testSP.py::GaussianSPTest::testatommasses[Gaussian/basicGaussian09/dvb_sp.out] PASSED [ 13%]
test/data/testSP.py::GaussianSPTest::testcoreelectrons[Gaussian/basicGaussian09/dvb_sp.out] PASSED [ 13%]
test/data/testSP.py::GaussianSPTest::testsymlabels[Gaussian/basicGaussian09/dvb_sp.out] SKIPPED [ 14%]
test/data/testSP.py::GaussianSPTest::testhomos[Gaussian/basicGaussian09/dvb_sp.out] SKIPPED [ 14%]
test/data/testSP.py::GaussianSPTest::testscfvaluetype[Gaussian/basicGaussian09/dvb_sp.out] PASSED [ 14%]
test/data/testSP.py::GaussianSPTest::testscfenergy[Gaussian/basicGaussian09/dvb_sp.out] PASSED [ 14%]
test/data/testSP.py::GaussianSPTest::testscftargetdim[Gaussian/basicGaussian09/dvb_sp.out] PASSED [ 14%]
test/data/testSP.py::GaussianSPTest::testscftargets[Gaussian/basicGaussian09/dvb_sp.out] PASSED [ 14%]
test/data/testSP.py::GaussianSPTest::testlengthmoenergies[Gaussian/basicGaussian09/dvb_sp.out] PASSED [ 14%]
test/data/testSP.py::GaussianSPTest::testtypemoenergies[Gaussian/basicGaussian09/dvb_sp.out] PASSED [ 14%]
test/data/testSP.py::GaussianSPTest::testfirstmoenergy[Gaussian/basicGaussian09/dvb_sp.out] PASSED [ 14%]
test/data/testSP.py::GaussianSPTest::testdimmocoeffs[Gaussian/basicGaussian09/dvb_sp.out] PASSED [ 15%]
test/data/testSP.py::GaussianSPTest::testfornoormo[Gaussian/basicGaussian09/dvb_sp.out] PASSED [ 15%]
test/data/testSP.py::GaussianSPTest::testdimnoccnos[Gaussian/basicGaussian09/dvb_sp.out] PASSED [ 15%]
test/data/testSP.py::GaussianSPTest::testdimnocoeffs[Gaussian/basicGaussian09/dvb_sp.out] PASSED [ 15%]
test/data/testSP.py::GaussianSPTest::testaooverlaps[Gaussian/basicGaussian09/dvb_sp.out] PASSED [ 15%]
test/data/testSP.py::GaussianSPTest::testoptdone[Gaussian/basicGaussian09/dvb_sp.out] PASSED [ 15%]
test/data/testSP.py::GaussianSPTest::testrotconsts[Gaussian/basicGaussian09/dvb_sp.out] SKIPPED [ 15%]
test/data/testSP.py::GaussianSPTest::testmoments[Gaussian/basicGaussian09/dvb_sp.out] SKIPPED [ 15%]
test/data/testSP.py::GaussianSPTest::testmetadata_basis_set[Gaussian/basicGaussian09/dvb_sp.out] SKIPPED [ 15%]
test/data/testSP.py::GaussianSPTest::testmetadata_input_file[Gaussian/basicGaussian09/dvb_sp.out] SKIPPED [ 15%]
test/data/testSP.py::GaussianSPTest::testmetadata_methods[Gaussian/basicGaussian09/dvb_sp.out] SKIPPED [ 16%]
test/data/testSP.py::GaussianSPTest::testmetadata_package[Gaussian/basicGaussian09/dvb_sp.out] SKIPPED [ 16%]
test/data/testSP.py::GaussianSPTest::testmetadata_legacy_package_version[Gaussian/basicGaussian09/dvb_sp.out] SKIPPED [ 16%]
test/data/testSP.py::GaussianSPTest::testmetadata_package_version[Gaussian/basicGaussian09/dvb_sp.out] SKIPPED [ 16%]
test/data/testSP.py::GaussianSPTest::testmetadata_success[Gaussian/basicGaussian09/dvb_sp.out] SKIPPED [ 16%]
test/data/testSP.py::GaussianSPTest::testmetadata_symmetry_detected[Gaussian/basicGaussian09/dvb_sp.out] SKIPPED [ 16%]
test/data/testSP.py::GaussianSPTest::testmetadata_symmetry_used[Gaussian/basicGaussian09/dvb_sp.out] SKIPPED [ 16%]
test/data/testSP.py::GaussianSPTest::testmetadata_times[Gaussian/basicGaussian09/dvb_sp.out] SKIPPED [ 16%]
test/data/testSP.py::JaguarSPTest::testnatom[data0] SKIPPED (got emp...) [ 16%]
test/data/testSP.py::JaguarSPTest::testatomnos[data0] SKIPPED (got e...) [ 17%]
test/data/testSP.py::JaguarSPTest::testatomcharges[data0] SKIPPED (g...) [ 17%]
test/data/testSP.py::JaguarSPTest::testatomcharges_mulliken[data0] SKIPPED [ 17%]
test/data/testSP.py::JaguarSPTest::testatomcharges_lowdin[data0] SKIPPED [ 17%]
test/data/testSP.py::JaguarSPTest::testatomcharges_hirshfeld[data0] SKIPPED [ 17%]
test/data/testSP.py::JaguarSPTest::testatomcoords[data0] SKIPPED (go...) [ 17%]
test/data/testSP.py::JaguarSPTest::testatomcoords_units[data0] SKIPPED   [ 17%]
test/data/testSP.py::JaguarSPTest::testcharge_and_mult[data0] SKIPPED    [ 17%]
test/data/testSP.py::JaguarSPTest::testnbasis[data0] SKIPPED (got em...) [ 17%]
test/data/testSP.py::JaguarSPTest::testatombasis[data0] SKIPPED (got...) [ 17%]
test/data/testSP.py::JaguarSPTest::testatommasses[data0] SKIPPED (go...) [ 18%]
test/data/testSP.py::JaguarSPTest::testcoreelectrons[data0] SKIPPED      [ 18%]
test/data/testSP.py::JaguarSPTest::testsymlabels[data0] SKIPPED (got...) [ 18%]
test/data/testSP.py::JaguarSPTest::testhomos[data0] SKIPPED (got emp...) [ 18%]
test/data/testSP.py::JaguarSPTest::testscfvaluetype[data0] SKIPPED (...) [ 18%]
test/data/testSP.py::JaguarSPTest::testscfenergy[data0] SKIPPED (got...) [ 18%]
test/data/testSP.py::JaguarSPTest::testscftargetdim[data0] SKIPPED (...) [ 18%]
test/data/testSP.py::JaguarSPTest::testscftargets[data0] SKIPPED (go...) [ 18%]
test/data/testSP.py::JaguarSPTest::testlengthmoenergies[data0] SKIPPED   [ 18%]
test/data/testSP.py::JaguarSPTest::testtypemoenergies[data0] SKIPPED     [ 18%]
test/data/testSP.py::JaguarSPTest::testfirstmoenergy[data0] SKIPPED      [ 19%]
test/data/testSP.py::JaguarSPTest::testdimmocoeffs[data0] SKIPPED (g...) [ 19%]
test/data/testSP.py::JaguarSPTest::testfornoormo[data0] SKIPPED (got...) [ 19%]
test/data/testSP.py::JaguarSPTest::testdimnoccnos[data0] SKIPPED (go...) [ 19%]
test/data/testSP.py::JaguarSPTest::testdimnocoeffs[data0] SKIPPED (g...) [ 19%]
test/data/testSP.py::JaguarSPTest::testaooverlaps[data0] SKIPPED (go...) [ 19%]
test/data/testSP.py::JaguarSPTest::testoptdone[data0] SKIPPED (got e...) [ 19%]
test/data/testSP.py::JaguarSPTest::testrotconsts[data0] SKIPPED (got...) [ 19%]
test/data/testSP.py::JaguarSPTest::testmoments[data0] SKIPPED (got e...) [ 19%]
test/data/testSP.py::JaguarSPTest::testmetadata_basis_set[data0] SKIPPED [ 20%]
test/data/testSP.py::JaguarSPTest::testmetadata_input_file[data0] SKIPPED [ 20%]
test/data/testSP.py::JaguarSPTest::testmetadata_methods[data0] SKIPPED   [ 20%]
test/data/testSP.py::JaguarSPTest::testmetadata_package[data0] SKIPPED   [ 20%]
test/data/testSP.py::JaguarSPTest::testmetadata_legacy_package_version[data0] SKIPPED [ 20%]
test/data/testSP.py::JaguarSPTest::testmetadata_package_version[data0] SKIPPED [ 20%]
test/data/testSP.py::JaguarSPTest::testmetadata_success[data0] SKIPPED   [ 20%]
test/data/testSP.py::JaguarSPTest::testmetadata_symmetry_detected[data0] SKIPPED [ 20%]
test/data/testSP.py::JaguarSPTest::testmetadata_symmetry_used[data0] SKIPPED [ 20%]
test/data/testSP.py::JaguarSPTest::testmetadata_times[data0] SKIPPED     [ 20%]
test/data/testSP.py::JaguarHFSPTest::testnatom[data0] SKIPPED (got e...) [ 21%]
test/data/testSP.py::JaguarHFSPTest::testatomnos[data0] SKIPPED (got...) [ 21%]
test/data/testSP.py::JaguarHFSPTest::testatomcharges[data0] SKIPPED      [ 21%]
test/data/testSP.py::JaguarHFSPTest::testatomcharges_mulliken[data0] SKIPPED [ 21%]
test/data/testSP.py::JaguarHFSPTest::testatomcharges_lowdin[data0] SKIPPED [ 21%]
test/data/testSP.py::JaguarHFSPTest::testatomcharges_hirshfeld[data0] SKIPPED [ 21%]
test/data/testSP.py::JaguarHFSPTest::testatomcoords[data0] SKIPPED (...) [ 21%]
test/data/testSP.py::JaguarHFSPTest::testatomcoords_units[data0] SKIPPED [ 21%]
test/data/testSP.py::JaguarHFSPTest::testcharge_and_mult[data0] SKIPPED  [ 21%]
test/data/testSP.py::JaguarHFSPTest::testnbasis[data0] SKIPPED (got ...) [ 22%]
test/data/testSP.py::JaguarHFSPTest::testatombasis[data0] SKIPPED (g...) [ 22%]
test/data/testSP.py::JaguarHFSPTest::testatommasses[data0] SKIPPED (...) [ 22%]
test/data/testSP.py::JaguarHFSPTest::testcoreelectrons[data0] SKIPPED    [ 22%]
test/data/testSP.py::JaguarHFSPTest::testsymlabels[data0] SKIPPED (g...) [ 22%]
test/data/testSP.py::JaguarHFSPTest::testhomos[data0] SKIPPED (got e...) [ 22%]
test/data/testSP.py::JaguarHFSPTest::testscfvaluetype[data0] SKIPPED     [ 22%]
test/data/testSP.py::JaguarHFSPTest::testscfenergy[data0] SKIPPED (g...) [ 22%]
test/data/testSP.py::JaguarHFSPTest::testscftargetdim[data0] SKIPPED     [ 22%]
test/data/testSP.py::JaguarHFSPTest::testscftargets[data0] SKIPPED (...) [ 22%]
test/data/testSP.py::JaguarHFSPTest::testlengthmoenergies[data0] SKIPPED [ 23%]
test/data/testSP.py::JaguarHFSPTest::testtypemoenergies[data0] SKIPPED   [ 23%]
test/data/testSP.py::JaguarHFSPTest::testfirstmoenergy[data0] SKIPPED    [ 23%]
test/data/testSP.py::JaguarHFSPTest::testdimmocoeffs[data0] SKIPPED      [ 23%]
test/data/testSP.py::JaguarHFSPTest::testfornoormo[data0] SKIPPED (g...) [ 23%]
test/data/testSP.py::JaguarHFSPTest::testdimnoccnos[data0] SKIPPED (...) [ 23%]
test/data/testSP.py::JaguarHFSPTest::testdimnocoeffs[data0] SKIPPED      [ 23%]
test/data/testSP.py::JaguarHFSPTest::testaooverlaps[data0] SKIPPED (...) [ 23%]
test/data/testSP.py::JaguarHFSPTest::testoptdone[data0] SKIPPED (got...) [ 23%]
test/data/testSP.py::JaguarHFSPTest::testrotconsts[data0] SKIPPED (g...) [ 24%]
test/data/testSP.py::JaguarHFSPTest::testmoments[data0] SKIPPED (got...) [ 24%]
test/data/testSP.py::JaguarHFSPTest::testmetadata_basis_set[data0] SKIPPED [ 24%]
test/data/testSP.py::JaguarHFSPTest::testmetadata_input_file[data0] SKIPPED [ 24%]
test/data/testSP.py::JaguarHFSPTest::testmetadata_methods[data0] SKIPPED [ 24%]
test/data/testSP.py::JaguarHFSPTest::testmetadata_package[data0] SKIPPED [ 24%]
test/data/testSP.py::JaguarHFSPTest::testmetadata_legacy_package_version[data0] SKIPPED [ 24%]
test/data/testSP.py::JaguarHFSPTest::testmetadata_package_version[data0] SKIPPED [ 24%]
test/data/testSP.py::JaguarHFSPTest::testmetadata_success[data0] SKIPPED [ 24%]
test/data/testSP.py::JaguarHFSPTest::testmetadata_symmetry_detected[data0] SKIPPED [ 24%]
test/data/testSP.py::JaguarHFSPTest::testmetadata_symmetry_used[data0] SKIPPED [ 25%]
test/data/testSP.py::JaguarHFSPTest::testmetadata_times[data0] SKIPPED   [ 25%]
test/data/testSP.py::Jaguar7SPTest::testnatom[data0] SKIPPED (got em...) [ 25%]
test/data/testSP.py::Jaguar7SPTest::testatomnos[data0] SKIPPED (got ...) [ 25%]
test/data/testSP.py::Jaguar7SPTest::testatomcharges[data0] SKIPPED (...) [ 25%]
test/data/testSP.py::Jaguar7SPTest::testatomcharges_mulliken[data0] SKIPPED [ 25%]
test/data/testSP.py::Jaguar7SPTest::testatomcharges_lowdin[data0] SKIPPED [ 25%]
test/data/testSP.py::Jaguar7SPTest::testatomcharges_hirshfeld[data0] SKIPPED [ 25%]
test/data/testSP.py::Jaguar7SPTest::testatomcoords[data0] SKIPPED (g...) [ 25%]
test/data/testSP.py::Jaguar7SPTest::testatomcoords_units[data0] SKIPPED  [ 25%]
test/data/testSP.py::Jaguar7SPTest::testcharge_and_mult[data0] SKIPPED   [ 26%]
test/data/testSP.py::Jaguar7SPTest::testnbasis[data0] SKIPPED (got e...) [ 26%]
test/data/testSP.py::Jaguar7SPTest::testatombasis[data0] SKIPPED (go...) [ 26%]
test/data/testSP.py::Jaguar7SPTest::testatommasses[data0] SKIPPED (g...) [ 26%]
test/data/testSP.py::Jaguar7SPTest::testcoreelectrons[data0] SKIPPED     [ 26%]
test/data/testSP.py::Jaguar7SPTest::testsymlabels[data0] SKIPPED (go...) [ 26%]
test/data/testSP.py::Jaguar7SPTest::testhomos[data0] SKIPPED (got em...) [ 26%]
test/data/testSP.py::Jaguar7SPTest::testscfvaluetype[data0] SKIPPED      [ 26%]
test/data/testSP.py::Jaguar7SPTest::testscfenergy[data0] SKIPPED (go...) [ 26%]
test/data/testSP.py::Jaguar7SPTest::testscftargetdim[data0] SKIPPED      [ 27%]
test/data/testSP.py::Jaguar7SPTest::testscftargets[data0] SKIPPED (g...) [ 27%]
test/data/testSP.py::Jaguar7SPTest::testtypemoenergies[data0] SKIPPED    [ 27%]
test/data/testSP.py::Jaguar7SPTest::testfirstmoenergy[data0] SKIPPED     [ 27%]
test/data/testSP.py::Jaguar7SPTest::testdimmocoeffs[data0] SKIPPED (...) [ 27%]
test/data/testSP.py::Jaguar7SPTest::testfornoormo[data0] SKIPPED (go...) [ 27%]
test/data/testSP.py::Jaguar7SPTest::testdimnoccnos[data0] SKIPPED (g...) [ 27%]
test/data/testSP.py::Jaguar7SPTest::testdimnocoeffs[data0] SKIPPED (...) [ 27%]
test/data/testSP.py::Jaguar7SPTest::testaooverlaps[data0] SKIPPED (g...) [ 27%]
test/data/testSP.py::Jaguar7SPTest::testoptdone[data0] SKIPPED (got ...) [ 27%]
test/data/testSP.py::Jaguar7SPTest::testrotconsts[data0] SKIPPED (go...) [ 28%]
test/data/testSP.py::Jaguar7SPTest::testmoments[data0] SKIPPED (got ...) [ 28%]
test/data/testSP.py::Jaguar7SPTest::testmetadata_basis_set[data0] SKIPPED [ 28%]
test/data/testSP.py::Jaguar7SPTest::testmetadata_input_file[data0] SKIPPED [ 28%]
test/data/testSP.py::Jaguar7SPTest::testmetadata_methods[data0] SKIPPED  [ 28%]
test/data/testSP.py::Jaguar7SPTest::testmetadata_package[data0] SKIPPED  [ 28%]
test/data/testSP.py::Jaguar7SPTest::testmetadata_legacy_package_version[data0] SKIPPED [ 28%]
test/data/testSP.py::Jaguar7SPTest::testmetadata_package_version[data0] SKIPPED [ 28%]
test/data/testSP.py::Jaguar7SPTest::testmetadata_success[data0] SKIPPED  [ 28%]
test/data/testSP.py::Jaguar7SPTest::testmetadata_symmetry_detected[data0] SKIPPED [ 29%]
test/data/testSP.py::Jaguar7SPTest::testmetadata_symmetry_used[data0] SKIPPED [ 29%]
test/data/testSP.py::Jaguar7SPTest::testmetadata_times[data0] SKIPPED    [ 29%]
test/data/testSP.py::Jaguar7SPTest::testlengthmoenergies[data0] SKIPPED  [ 29%]
test/data/testSP.py::MolcasSPTest::testnatom[data0] SKIPPED (got emp...) [ 29%]
test/data/testSP.py::MolcasSPTest::testatomnos[data0] SKIPPED (got e...) [ 29%]
test/data/testSP.py::MolcasSPTest::testatomcharges[data0] SKIPPED (g...) [ 29%]
test/data/testSP.py::MolcasSPTest::testatomcharges_mulliken[data0] SKIPPED [ 29%]
test/data/testSP.py::MolcasSPTest::testatomcharges_lowdin[data0] SKIPPED [ 29%]
test/data/testSP.py::MolcasSPTest::testatomcharges_hirshfeld[data0] SKIPPED [ 29%]
test/data/testSP.py::MolcasSPTest::testatomcoords[data0] SKIPPED (go...) [ 30%]
test/data/testSP.py::MolcasSPTest::testatomcoords_units[data0] SKIPPED   [ 30%]
test/data/testSP.py::MolcasSPTest::testcharge_and_mult[data0] SKIPPED    [ 30%]
test/data/testSP.py::MolcasSPTest::testnbasis[data0] SKIPPED (got em...) [ 30%]
test/data/testSP.py::MolcasSPTest::testatombasis[data0] SKIPPED (got...) [ 30%]
test/data/testSP.py::MolcasSPTest::testatommasses[data0] SKIPPED (go...) [ 30%]
test/data/testSP.py::MolcasSPTest::testcoreelectrons[data0] SKIPPED      [ 30%]
test/data/testSP.py::MolcasSPTest::testsymlabels[data0] SKIPPED (got...) [ 30%]
test/data/testSP.py::MolcasSPTest::testhomos[data0] SKIPPED (got emp...) [ 30%]
test/data/testSP.py::MolcasSPTest::testscfvaluetype[data0] SKIPPED (...) [ 31%]
test/data/testSP.py::MolcasSPTest::testscfenergy[data0] SKIPPED (got...) [ 31%]
test/data/testSP.py::MolcasSPTest::testscftargetdim[data0] SKIPPED (...) [ 31%]
test/data/testSP.py::MolcasSPTest::testscftargets[data0] SKIPPED (go...) [ 31%]
test/data/testSP.py::MolcasSPTest::testlengthmoenergies[data0] SKIPPED   [ 31%]
test/data/testSP.py::MolcasSPTest::testtypemoenergies[data0] SKIPPED     [ 31%]
test/data/testSP.py::MolcasSPTest::testfirstmoenergy[data0] SKIPPED      [ 31%]
test/data/testSP.py::MolcasSPTest::testdimmocoeffs[data0] SKIPPED (g...) [ 31%]
test/data/testSP.py::MolcasSPTest::testfornoormo[data0] SKIPPED (got...) [ 31%]
test/data/testSP.py::MolcasSPTest::testdimnoccnos[data0] SKIPPED (go...) [ 31%]
test/data/testSP.py::MolcasSPTest::testdimnocoeffs[data0] SKIPPED (g...) [ 32%]
test/data/testSP.py::MolcasSPTest::testaooverlaps[data0] SKIPPED (go...) [ 32%]
test/data/testSP.py::MolcasSPTest::testoptdone[data0] SKIPPED (got e...) [ 32%]
test/data/testSP.py::MolcasSPTest::testrotconsts[data0] SKIPPED (got...) [ 32%]
test/data/testSP.py::MolcasSPTest::testmoments[data0] SKIPPED (got e...) [ 32%]
test/data/testSP.py::MolcasSPTest::testmetadata_basis_set[data0] SKIPPED [ 32%]
test/data/testSP.py::MolcasSPTest::testmetadata_input_file[data0] SKIPPED [ 32%]
test/data/testSP.py::MolcasSPTest::testmetadata_methods[data0] SKIPPED   [ 32%]
test/data/testSP.py::MolcasSPTest::testmetadata_package[data0] SKIPPED   [ 32%]
test/data/testSP.py::MolcasSPTest::testmetadata_legacy_package_version[data0] SKIPPED [ 32%]
test/data/testSP.py::MolcasSPTest::testmetadata_package_version[data0] SKIPPED [ 33%]
test/data/testSP.py::MolcasSPTest::testmetadata_success[data0] SKIPPED   [ 33%]
test/data/testSP.py::MolcasSPTest::testmetadata_symmetry_detected[data0] SKIPPED [ 33%]
test/data/testSP.py::MolcasSPTest::testmetadata_symmetry_used[data0] SKIPPED [ 33%]
test/data/testSP.py::MolcasSPTest::testmetadata_times[data0] SKIPPED     [ 33%]
test/data/testSP.py::MolproSPTest::testnatom[data0] SKIPPED (got emp...) [ 33%]
test/data/testSP.py::MolproSPTest::testatomnos[data0] SKIPPED (got e...) [ 33%]
test/data/testSP.py::MolproSPTest::testatomcharges[data0] SKIPPED (g...) [ 33%]
test/data/testSP.py::MolproSPTest::testatomcharges_mulliken[data0] SKIPPED [ 33%]
test/data/testSP.py::MolproSPTest::testatomcharges_lowdin[data0] SKIPPED [ 34%]
test/data/testSP.py::MolproSPTest::testatomcharges_hirshfeld[data0] SKIPPED [ 34%]
test/data/testSP.py::MolproSPTest::testatomcoords[data0] SKIPPED (go...) [ 34%]
test/data/testSP.py::MolproSPTest::testatomcoords_units[data0] SKIPPED   [ 34%]
test/data/testSP.py::MolproSPTest::testcharge_and_mult[data0] SKIPPED    [ 34%]
test/data/testSP.py::MolproSPTest::testnbasis[data0] SKIPPED (got em...) [ 34%]
test/data/testSP.py::MolproSPTest::testatombasis[data0] SKIPPED (got...) [ 34%]
test/data/testSP.py::MolproSPTest::testatommasses[data0] SKIPPED (go...) [ 34%]
test/data/testSP.py::MolproSPTest::testcoreelectrons[data0] SKIPPED      [ 34%]
test/data/testSP.py::MolproSPTest::testsymlabels[data0] SKIPPED (got...) [ 34%]
test/data/testSP.py::MolproSPTest::testhomos[data0] SKIPPED (got emp...) [ 35%]
test/data/testSP.py::MolproSPTest::testscfvaluetype[data0] SKIPPED (...) [ 35%]
test/data/testSP.py::MolproSPTest::testscfenergy[data0] SKIPPED (got...) [ 35%]
test/data/testSP.py::MolproSPTest::testscftargetdim[data0] SKIPPED (...) [ 35%]
test/data/testSP.py::MolproSPTest::testscftargets[data0] SKIPPED (go...) [ 35%]
test/data/testSP.py::MolproSPTest::testlengthmoenergies[data0] SKIPPED   [ 35%]
test/data/testSP.py::MolproSPTest::testtypemoenergies[data0] SKIPPED     [ 35%]
test/data/testSP.py::MolproSPTest::testfirstmoenergy[data0] SKIPPED      [ 35%]
test/data/testSP.py::MolproSPTest::testdimmocoeffs[data0] SKIPPED (g...) [ 35%]
test/data/testSP.py::MolproSPTest::testfornoormo[data0] SKIPPED (got...) [ 36%]
test/data/testSP.py::MolproSPTest::testdimnoccnos[data0] SKIPPED (go...) [ 36%]
test/data/testSP.py::MolproSPTest::testdimnocoeffs[data0] SKIPPED (g...) [ 36%]
test/data/testSP.py::MolproSPTest::testaooverlaps[data0] SKIPPED (go...) [ 36%]
test/data/testSP.py::MolproSPTest::testoptdone[data0] SKIPPED (got e...) [ 36%]
test/data/testSP.py::MolproSPTest::testrotconsts[data0] SKIPPED (got...) [ 36%]
test/data/testSP.py::MolproSPTest::testmoments[data0] SKIPPED (got e...) [ 36%]
test/data/testSP.py::MolproSPTest::testmetadata_basis_set[data0] SKIPPED [ 36%]
test/data/testSP.py::MolproSPTest::testmetadata_input_file[data0] SKIPPED [ 36%]
test/data/testSP.py::MolproSPTest::testmetadata_methods[data0] SKIPPED   [ 36%]
test/data/testSP.py::MolproSPTest::testmetadata_package[data0] SKIPPED   [ 37%]
test/data/testSP.py::MolproSPTest::testmetadata_legacy_package_version[data0] SKIPPED [ 37%]
test/data/testSP.py::MolproSPTest::testmetadata_package_version[data0] SKIPPED [ 37%]
test/data/testSP.py::MolproSPTest::testmetadata_success[data0] SKIPPED   [ 37%]
test/data/testSP.py::MolproSPTest::testmetadata_symmetry_detected[data0] SKIPPED [ 37%]
test/data/testSP.py::MolproSPTest::testmetadata_symmetry_used[data0] SKIPPED [ 37%]
test/data/testSP.py::MolproSPTest::testmetadata_times[data0] SKIPPED     [ 37%]
test/data/testSP.py::NWChemKSSPTest::testnatom[data0] SKIPPED (got e...) [ 37%]
test/data/testSP.py::NWChemKSSPTest::testatomnos[data0] SKIPPED (got...) [ 37%]
test/data/testSP.py::NWChemKSSPTest::testatomcharges[data0] SKIPPED      [ 37%]
test/data/testSP.py::NWChemKSSPTest::testatomcharges_mulliken[data0] SKIPPED [ 38%]
test/data/testSP.py::NWChemKSSPTest::testatomcharges_lowdin[data0] SKIPPED [ 38%]
test/data/testSP.py::NWChemKSSPTest::testatomcharges_hirshfeld[data0] SKIPPED [ 38%]
test/data/testSP.py::NWChemKSSPTest::testatomcoords[data0] SKIPPED (...) [ 38%]
test/data/testSP.py::NWChemKSSPTest::testatomcoords_units[data0] SKIPPED [ 38%]
test/data/testSP.py::NWChemKSSPTest::testcharge_and_mult[data0] SKIPPED  [ 38%]
test/data/testSP.py::NWChemKSSPTest::testnbasis[data0] SKIPPED (got ...) [ 38%]
test/data/testSP.py::NWChemKSSPTest::testatombasis[data0] SKIPPED (g...) [ 38%]
test/data/testSP.py::NWChemKSSPTest::testatommasses[data0] SKIPPED (...) [ 38%]
test/data/testSP.py::NWChemKSSPTest::testcoreelectrons[data0] SKIPPED    [ 39%]
test/data/testSP.py::NWChemKSSPTest::testsymlabels[data0] SKIPPED (g...) [ 39%]
test/data/testSP.py::NWChemKSSPTest::testhomos[data0] SKIPPED (got e...) [ 39%]
test/data/testSP.py::NWChemKSSPTest::testscfvaluetype[data0] SKIPPED     [ 39%]
test/data/testSP.py::NWChemKSSPTest::testscfenergy[data0] SKIPPED (g...) [ 39%]
test/data/testSP.py::NWChemKSSPTest::testscftargetdim[data0] SKIPPED     [ 39%]
test/data/testSP.py::NWChemKSSPTest::testscftargets[data0] SKIPPED (...) [ 39%]
test/data/testSP.py::NWChemKSSPTest::testlengthmoenergies[data0] SKIPPED [ 39%]
test/data/testSP.py::NWChemKSSPTest::testtypemoenergies[data0] SKIPPED   [ 39%]
test/data/testSP.py::NWChemKSSPTest::testfirstmoenergy[data0] SKIPPED    [ 39%]
test/data/testSP.py::NWChemKSSPTest::testdimmocoeffs[data0] SKIPPED      [ 40%]
test/data/testSP.py::NWChemKSSPTest::testfornoormo[data0] SKIPPED (g...) [ 40%]
test/data/testSP.py::NWChemKSSPTest::testdimnoccnos[data0] SKIPPED (...) [ 40%]
test/data/testSP.py::NWChemKSSPTest::testdimnocoeffs[data0] SKIPPED      [ 40%]
test/data/testSP.py::NWChemKSSPTest::testaooverlaps[data0] SKIPPED (...) [ 40%]
test/data/testSP.py::NWChemKSSPTest::testoptdone[data0] SKIPPED (got...) [ 40%]
test/data/testSP.py::NWChemKSSPTest::testrotconsts[data0] SKIPPED (g...) [ 40%]
test/data/testSP.py::NWChemKSSPTest::testmoments[data0] SKIPPED (got...) [ 40%]
test/data/testSP.py::NWChemKSSPTest::testmetadata_basis_set[data0] SKIPPED [ 40%]
test/data/testSP.py::NWChemKSSPTest::testmetadata_input_file[data0] SKIPPED [ 41%]
test/data/testSP.py::NWChemKSSPTest::testmetadata_methods[data0] SKIPPED [ 41%]
test/data/testSP.py::NWChemKSSPTest::testmetadata_package[data0] SKIPPED [ 41%]
test/data/testSP.py::NWChemKSSPTest::testmetadata_legacy_package_version[data0] SKIPPED [ 41%]
test/data/testSP.py::NWChemKSSPTest::testmetadata_package_version[data0] SKIPPED [ 41%]
test/data/testSP.py::NWChemKSSPTest::testmetadata_success[data0] SKIPPED [ 41%]
test/data/testSP.py::NWChemKSSPTest::testmetadata_symmetry_detected[data0] SKIPPED [ 41%]
test/data/testSP.py::NWChemKSSPTest::testmetadata_symmetry_used[data0] SKIPPED [ 41%]
test/data/testSP.py::NWChemKSSPTest::testmetadata_times[data0] SKIPPED   [ 41%]
test/data/testSP.py::PsiSPTest::testnatom[Psi4/basicPsi4-1.2.1/dvb_sp_rks.out] PASSED [ 41%]
test/data/testSP.py::PsiSPTest::testatomnos[Psi4/basicPsi4-1.2.1/dvb_sp_rks.out] PASSED [ 42%]
test/data/testSP.py::PsiSPTest::testatomcharges[Psi4/basicPsi4-1.2.1/dvb_sp_rks.out] SKIPPED [ 42%]
test/data/testSP.py::PsiSPTest::testatomcharges_mulliken[Psi4/basicPsi4-1.2.1/dvb_sp_rks.out] SKIPPED [ 42%]
test/data/testSP.py::PsiSPTest::testatomcharges_lowdin[Psi4/basicPsi4-1.2.1/dvb_sp_rks.out] SKIPPED [ 42%]
test/data/testSP.py::PsiSPTest::testatomcharges_hirshfeld[Psi4/basicPsi4-1.2.1/dvb_sp_rks.out] SKIPPED [ 42%]
test/data/testSP.py::PsiSPTest::testatomcoords[Psi4/basicPsi4-1.2.1/dvb_sp_rks.out] PASSED [ 42%]
test/data/testSP.py::PsiSPTest::testatomcoords_units[Psi4/basicPsi4-1.2.1/dvb_sp_rks.out] PASSED [ 42%]
test/data/testSP.py::PsiSPTest::testcharge_and_mult[Psi4/basicPsi4-1.2.1/dvb_sp_rks.out] PASSED [ 42%]
test/data/testSP.py::PsiSPTest::testnbasis[Psi4/basicPsi4-1.2.1/dvb_sp_rks.out] PASSED [ 42%]
test/data/testSP.py::PsiSPTest::testatombasis[Psi4/basicPsi4-1.2.1/dvb_sp_rks.out] PASSED [ 43%]
test/data/testSP.py::PsiSPTest::testatommasses[Psi4/basicPsi4-1.2.1/dvb_sp_rks.out] PASSED [ 43%]
test/data/testSP.py::PsiSPTest::testcoreelectrons[Psi4/basicPsi4-1.2.1/dvb_sp_rks.out] SKIPPED [ 43%]
test/data/testSP.py::PsiSPTest::testsymlabels[Psi4/basicPsi4-1.2.1/dvb_sp_rks.out] SKIPPED [ 43%]
test/data/testSP.py::PsiSPTest::testhomos[Psi4/basicPsi4-1.2.1/dvb_sp_rks.out] SKIPPED [ 43%]
test/data/testSP.py::PsiSPTest::testscfvaluetype[Psi4/basicPsi4-1.2.1/dvb_sp_rks.out] SKIPPED [ 43%]
test/data/testSP.py::PsiSPTest::testscfenergy[Psi4/basicPsi4-1.2.1/dvb_sp_rks.out] FAILED [ 43%]
test/data/testSP.py::PsiSPTest::testscftargetdim[Psi4/basicPsi4-1.2.1/dvb_sp_rks.out] SKIPPED [ 43%]
test/data/testSP.py::PsiSPTest::testscftargets[Psi4/basicPsi4-1.2.1/dvb_sp_rks.out] SKIPPED [ 43%]
test/data/testSP.py::PsiSPTest::testlengthmoenergies[Psi4/basicPsi4-1.2.1/dvb_sp_rks.out] PASSED [ 43%]
test/data/testSP.py::PsiSPTest::testtypemoenergies[Psi4/basicPsi4-1.2.1/dvb_sp_rks.out] PASSED [ 44%]
test/data/testSP.py::PsiSPTest::testfirstmoenergy[Psi4/basicPsi4-1.2.1/dvb_sp_rks.out] SKIPPED [ 44%]
test/data/testSP.py::PsiSPTest::testdimmocoeffs[Psi4/basicPsi4-1.2.1/dvb_sp_rks.out] PASSED [ 44%]
test/data/testSP.py::PsiSPTest::testfornoormo[Psi4/basicPsi4-1.2.1/dvb_sp_rks.out] PASSED [ 44%]
test/data/testSP.py::PsiSPTest::testdimnoccnos[Psi4/basicPsi4-1.2.1/dvb_sp_rks.out] PASSED [ 44%]
test/data/testSP.py::PsiSPTest::testdimnocoeffs[Psi4/basicPsi4-1.2.1/dvb_sp_rks.out] PASSED [ 44%]
test/data/testSP.py::PsiSPTest::testaooverlaps[Psi4/basicPsi4-1.2.1/dvb_sp_rks.out] SKIPPED [ 44%]
test/data/testSP.py::PsiSPTest::testoptdone[Psi4/basicPsi4-1.2.1/dvb_sp_rks.out] PASSED [ 44%]
test/data/testSP.py::PsiSPTest::testrotconsts[Psi4/basicPsi4-1.2.1/dvb_sp_rks.out] SKIPPED [ 44%]
test/data/testSP.py::PsiSPTest::testmoments[Psi4/basicPsi4-1.2.1/dvb_sp_rks.out] PASSED [ 44%]
test/data/testSP.py::PsiSPTest::testmetadata_basis_set[Psi4/basicPsi4-1.2.1/dvb_sp_rks.out] SKIPPED [ 45%]
test/data/testSP.py::PsiSPTest::testmetadata_input_file[Psi4/basicPsi4-1.2.1/dvb_sp_rks.out] SKIPPED [ 45%]
test/data/testSP.py::PsiSPTest::testmetadata_methods[Psi4/basicPsi4-1.2.1/dvb_sp_rks.out] SKIPPED [ 45%]
test/data/testSP.py::PsiSPTest::testmetadata_package[Psi4/basicPsi4-1.2.1/dvb_sp_rks.out] SKIPPED [ 45%]
test/data/testSP.py::PsiSPTest::testmetadata_legacy_package_version[Psi4/basicPsi4-1.2.1/dvb_sp_rks.out] SKIPPED [ 45%]
test/data/testSP.py::PsiSPTest::testmetadata_package_version[Psi4/basicPsi4-1.2.1/dvb_sp_rks.out] SKIPPED [ 45%]
test/data/testSP.py::PsiSPTest::testmetadata_success[Psi4/basicPsi4-1.2.1/dvb_sp_rks.out] SKIPPED [ 45%]
test/data/testSP.py::PsiSPTest::testmetadata_symmetry_detected[Psi4/basicPsi4-1.2.1/dvb_sp_rks.out] SKIPPED [ 45%]
test/data/testSP.py::PsiSPTest::testmetadata_symmetry_used[Psi4/basicPsi4-1.2.1/dvb_sp_rks.out] SKIPPED [ 45%]
test/data/testSP.py::PsiSPTest::testmetadata_times[Psi4/basicPsi4-1.2.1/dvb_sp_rks.out] SKIPPED [ 46%]
test/data/testSP.py::PsiHFSPTest::testnatom[Psi4/basicPsi4-1.2.1/dvb_sp_rhf.out] PASSED [ 46%]
test/data/testSP.py::PsiHFSPTest::testatomnos[Psi4/basicPsi4-1.2.1/dvb_sp_rhf.out] PASSED [ 46%]
test/data/testSP.py::PsiHFSPTest::testatomcharges[Psi4/basicPsi4-1.2.1/dvb_sp_rhf.out] SKIPPED [ 46%]
test/data/testSP.py::PsiHFSPTest::testatomcharges_mulliken[Psi4/basicPsi4-1.2.1/dvb_sp_rhf.out] SKIPPED [ 46%]
test/data/testSP.py::PsiHFSPTest::testatomcharges_lowdin[Psi4/basicPsi4-1.2.1/dvb_sp_rhf.out] SKIPPED [ 46%]
test/data/testSP.py::PsiHFSPTest::testatomcharges_hirshfeld[Psi4/basicPsi4-1.2.1/dvb_sp_rhf.out] SKIPPED [ 46%]
test/data/testSP.py::PsiHFSPTest::testatomcoords[Psi4/basicPsi4-1.2.1/dvb_sp_rhf.out] PASSED [ 46%]
test/data/testSP.py::PsiHFSPTest::testatomcoords_units[Psi4/basicPsi4-1.2.1/dvb_sp_rhf.out] PASSED [ 46%]
test/data/testSP.py::PsiHFSPTest::testcharge_and_mult[Psi4/basicPsi4-1.2.1/dvb_sp_rhf.out] PASSED [ 46%]
test/data/testSP.py::PsiHFSPTest::testnbasis[Psi4/basicPsi4-1.2.1/dvb_sp_rhf.out] PASSED [ 47%]
test/data/testSP.py::PsiHFSPTest::testatombasis[Psi4/basicPsi4-1.2.1/dvb_sp_rhf.out] PASSED [ 47%]
test/data/testSP.py::PsiHFSPTest::testatommasses[Psi4/basicPsi4-1.2.1/dvb_sp_rhf.out] PASSED [ 47%]
test/data/testSP.py::PsiHFSPTest::testcoreelectrons[Psi4/basicPsi4-1.2.1/dvb_sp_rhf.out] SKIPPED [ 47%]
test/data/testSP.py::PsiHFSPTest::testsymlabels[Psi4/basicPsi4-1.2.1/dvb_sp_rhf.out] SKIPPED [ 47%]
test/data/testSP.py::PsiHFSPTest::testhomos[Psi4/basicPsi4-1.2.1/dvb_sp_rhf.out] SKIPPED [ 47%]
test/data/testSP.py::PsiHFSPTest::testscfvaluetype[Psi4/basicPsi4-1.2.1/dvb_sp_rhf.out] SKIPPED [ 47%]
test/data/testSP.py::PsiHFSPTest::testscfenergy[Psi4/basicPsi4-1.2.1/dvb_sp_rhf.out] PASSED [ 47%]
test/data/testSP.py::PsiHFSPTest::testscftargetdim[Psi4/basicPsi4-1.2.1/dvb_sp_rhf.out] SKIPPED [ 47%]
test/data/testSP.py::PsiHFSPTest::testscftargets[Psi4/basicPsi4-1.2.1/dvb_sp_rhf.out] SKIPPED [ 48%]
test/data/testSP.py::PsiHFSPTest::testlengthmoenergies[Psi4/basicPsi4-1.2.1/dvb_sp_rhf.out] PASSED [ 48%]
test/data/testSP.py::PsiHFSPTest::testtypemoenergies[Psi4/basicPsi4-1.2.1/dvb_sp_rhf.out] PASSED [ 48%]
test/data/testSP.py::PsiHFSPTest::testfirstmoenergy[Psi4/basicPsi4-1.2.1/dvb_sp_rhf.out] SKIPPED [ 48%]
test/data/testSP.py::PsiHFSPTest::testdimmocoeffs[Psi4/basicPsi4-1.2.1/dvb_sp_rhf.out] PASSED [ 48%]
test/data/testSP.py::PsiHFSPTest::testfornoormo[Psi4/basicPsi4-1.2.1/dvb_sp_rhf.out] PASSED [ 48%]
test/data/testSP.py::PsiHFSPTest::testdimnoccnos[Psi4/basicPsi4-1.2.1/dvb_sp_rhf.out] PASSED [ 48%]
test/data/testSP.py::PsiHFSPTest::testdimnocoeffs[Psi4/basicPsi4-1.2.1/dvb_sp_rhf.out] PASSED [ 48%]
test/data/testSP.py::PsiHFSPTest::testaooverlaps[Psi4/basicPsi4-1.2.1/dvb_sp_rhf.out] SKIPPED [ 48%]
test/data/testSP.py::PsiHFSPTest::testoptdone[Psi4/basicPsi4-1.2.1/dvb_sp_rhf.out] PASSED [ 48%]
test/data/testSP.py::PsiHFSPTest::testrotconsts[Psi4/basicPsi4-1.2.1/dvb_sp_rhf.out] SKIPPED [ 49%]
test/data/testSP.py::PsiHFSPTest::testmoments[Psi4/basicPsi4-1.2.1/dvb_sp_rhf.out] PASSED [ 49%]
test/data/testSP.py::PsiHFSPTest::testmetadata_basis_set[Psi4/basicPsi4-1.2.1/dvb_sp_rhf.out] SKIPPED [ 49%]
test/data/testSP.py::PsiHFSPTest::testmetadata_input_file[Psi4/basicPsi4-1.2.1/dvb_sp_rhf.out] SKIPPED [ 49%]
test/data/testSP.py::PsiHFSPTest::testmetadata_methods[Psi4/basicPsi4-1.2.1/dvb_sp_rhf.out] SKIPPED [ 49%]
test/data/testSP.py::PsiHFSPTest::testmetadata_package[Psi4/basicPsi4-1.2.1/dvb_sp_rhf.out] SKIPPED [ 49%]
test/data/testSP.py::PsiHFSPTest::testmetadata_legacy_package_version[Psi4/basicPsi4-1.2.1/dvb_sp_rhf.out] SKIPPED [ 49%]
test/data/testSP.py::PsiHFSPTest::testmetadata_package_version[Psi4/basicPsi4-1.2.1/dvb_sp_rhf.out] SKIPPED [ 49%]
test/data/testSP.py::PsiHFSPTest::testmetadata_success[Psi4/basicPsi4-1.2.1/dvb_sp_rhf.out] SKIPPED [ 49%]
test/data/testSP.py::PsiHFSPTest::testmetadata_symmetry_detected[Psi4/basicPsi4-1.2.1/dvb_sp_rhf.out] SKIPPED [ 50%]
test/data/testSP.py::PsiHFSPTest::testmetadata_symmetry_used[Psi4/basicPsi4-1.2.1/dvb_sp_rhf.out] SKIPPED [ 50%]
test/data/testSP.py::PsiHFSPTest::testmetadata_times[Psi4/basicPsi4-1.2.1/dvb_sp_rhf.out] SKIPPED [ 50%]
test/data/testSP.py::OrcaSPTest::testnatom[data0] SKIPPED (got empty...) [ 50%]
test/data/testSP.py::OrcaSPTest::testatomnos[data0] SKIPPED (got emp...) [ 50%]
test/data/testSP.py::OrcaSPTest::testatomcharges[data0] SKIPPED (got...) [ 50%]
test/data/testSP.py::OrcaSPTest::testatomcharges_mulliken[data0] SKIPPED [ 50%]
test/data/testSP.py::OrcaSPTest::testatomcharges_lowdin[data0] SKIPPED   [ 50%]
test/data/testSP.py::OrcaSPTest::testatomcharges_hirshfeld[data0] SKIPPED [ 50%]
test/data/testSP.py::OrcaSPTest::testatomcoords[data0] SKIPPED (got ...) [ 50%]
test/data/testSP.py::OrcaSPTest::testatomcoords_units[data0] SKIPPED     [ 51%]
test/data/testSP.py::OrcaSPTest::testcharge_and_mult[data0] SKIPPED      [ 51%]
test/data/testSP.py::OrcaSPTest::testnbasis[data0] SKIPPED (got empt...) [ 51%]
test/data/testSP.py::OrcaSPTest::testatombasis[data0] SKIPPED (got e...) [ 51%]
test/data/testSP.py::OrcaSPTest::testatommasses[data0] SKIPPED (got ...) [ 51%]
test/data/testSP.py::OrcaSPTest::testcoreelectrons[data0] SKIPPED (g...) [ 51%]
test/data/testSP.py::OrcaSPTest::testsymlabels[data0] SKIPPED (got e...) [ 51%]
test/data/testSP.py::OrcaSPTest::testhomos[data0] SKIPPED (got empty...) [ 51%]
test/data/testSP.py::OrcaSPTest::testscfvaluetype[data0] SKIPPED (go...) [ 51%]
test/data/testSP.py::OrcaSPTest::testscfenergy[data0] SKIPPED (got e...) [ 51%]
test/data/testSP.py::OrcaSPTest::testscftargetdim[data0] SKIPPED (go...) [ 52%]
test/data/testSP.py::OrcaSPTest::testscftargets[data0] SKIPPED (got ...) [ 52%]
test/data/testSP.py::OrcaSPTest::testlengthmoenergies[data0] SKIPPED     [ 52%]
test/data/testSP.py::OrcaSPTest::testtypemoenergies[data0] SKIPPED (...) [ 52%]
test/data/testSP.py::OrcaSPTest::testfirstmoenergy[data0] SKIPPED (g...) [ 52%]
test/data/testSP.py::OrcaSPTest::testdimmocoeffs[data0] SKIPPED (got...) [ 52%]
test/data/testSP.py::OrcaSPTest::testfornoormo[data0] SKIPPED (got e...) [ 52%]
test/data/testSP.py::OrcaSPTest::testdimnoccnos[data0] SKIPPED (got ...) [ 52%]
test/data/testSP.py::OrcaSPTest::testdimnocoeffs[data0] SKIPPED (got...) [ 52%]
test/data/testSP.py::OrcaSPTest::testaooverlaps[data0] SKIPPED (got ...) [ 53%]
test/data/testSP.py::OrcaSPTest::testoptdone[data0] SKIPPED (got emp...) [ 53%]
test/data/testSP.py::OrcaSPTest::testrotconsts[data0] SKIPPED (got e...) [ 53%]
test/data/testSP.py::OrcaSPTest::testmoments[data0] SKIPPED (got emp...) [ 53%]
test/data/testSP.py::OrcaSPTest::testmetadata_basis_set[data0] SKIPPED   [ 53%]
test/data/testSP.py::OrcaSPTest::testmetadata_input_file[data0] SKIPPED  [ 53%]
test/data/testSP.py::OrcaSPTest::testmetadata_methods[data0] SKIPPED     [ 53%]
test/data/testSP.py::OrcaSPTest::testmetadata_package[data0] SKIPPED     [ 53%]
test/data/testSP.py::OrcaSPTest::testmetadata_legacy_package_version[data0] SKIPPED [ 53%]
test/data/testSP.py::OrcaSPTest::testmetadata_package_version[data0] SKIPPED [ 53%]
test/data/testSP.py::OrcaSPTest::testmetadata_success[data0] SKIPPED     [ 54%]
test/data/testSP.py::OrcaSPTest::testmetadata_symmetry_detected[data0] SKIPPED [ 54%]
test/data/testSP.py::OrcaSPTest::testmetadata_symmetry_used[data0] SKIPPED [ 54%]
test/data/testSP.py::OrcaSPTest::testmetadata_times[data0] SKIPPED (...) [ 54%]
test/data/testSP.py::NBOSPTest::testnatom[data0] SKIPPED (got empty ...) [ 54%]
test/data/testSP.py::NBOSPTest::testatomnos[data0] SKIPPED (got empt...) [ 54%]
test/data/testSP.py::NBOSPTest::testatomcharges[data0] SKIPPED (got ...) [ 54%]
test/data/testSP.py::NBOSPTest::testatomcharges_mulliken[data0] SKIPPED  [ 54%]
test/data/testSP.py::NBOSPTest::testatomcharges_lowdin[data0] SKIPPED    [ 54%]
test/data/testSP.py::NBOSPTest::testatomcharges_hirshfeld[data0] SKIPPED [ 55%]
test/data/testSP.py::NBOSPTest::testatomcoords[data0] SKIPPED (got e...) [ 55%]
test/data/testSP.py::NBOSPTest::testatomcoords_units[data0] SKIPPED      [ 55%]
test/data/testSP.py::NBOSPTest::testcharge_and_mult[data0] SKIPPED (...) [ 55%]
test/data/testSP.py::NBOSPTest::testnbasis[data0] SKIPPED (got empty...) [ 55%]
test/data/testSP.py::NBOSPTest::testatombasis[data0] SKIPPED (got em...) [ 55%]
test/data/testSP.py::NBOSPTest::testatommasses[data0] SKIPPED (got e...) [ 55%]
test/data/testSP.py::NBOSPTest::testcoreelectrons[data0] SKIPPED (go...) [ 55%]
test/data/testSP.py::NBOSPTest::testsymlabels[data0] SKIPPED (got em...) [ 55%]
test/data/testSP.py::NBOSPTest::testhomos[data0] SKIPPED (got empty ...) [ 55%]
test/data/testSP.py::NBOSPTest::testscfvaluetype[data0] SKIPPED (got...) [ 56%]
test/data/testSP.py::NBOSPTest::testscfenergy[data0] SKIPPED (got em...) [ 56%]
test/data/testSP.py::NBOSPTest::testscftargetdim[data0] SKIPPED (got...) [ 56%]
test/data/testSP.py::NBOSPTest::testscftargets[data0] SKIPPED (got e...) [ 56%]
test/data/testSP.py::NBOSPTest::testlengthmoenergies[data0] SKIPPED      [ 56%]
test/data/testSP.py::NBOSPTest::testtypemoenergies[data0] SKIPPED (g...) [ 56%]
test/data/testSP.py::NBOSPTest::testfirstmoenergy[data0] SKIPPED (go...) [ 56%]
test/data/testSP.py::NBOSPTest::testdimmocoeffs[data0] SKIPPED (got ...) [ 56%]
test/data/testSP.py::NBOSPTest::testfornoormo[data0] SKIPPED (got em...) [ 56%]
test/data/testSP.py::NBOSPTest::testdimnoccnos[data0] SKIPPED (got e...) [ 56%]
test/data/testSP.py::NBOSPTest::testdimnocoeffs[data0] SKIPPED (got ...) [ 57%]
test/data/testSP.py::NBOSPTest::testaooverlaps[data0] SKIPPED (got e...) [ 57%]
test/data/testSP.py::NBOSPTest::testoptdone[data0] SKIPPED (got empt...) [ 57%]
test/data/testSP.py::NBOSPTest::testrotconsts[data0] SKIPPED (got em...) [ 57%]
test/data/testSP.py::NBOSPTest::testmoments[data0] SKIPPED (got empt...) [ 57%]
test/data/testSP.py::NBOSPTest::testmetadata_basis_set[data0] SKIPPED    [ 57%]
test/data/testSP.py::NBOSPTest::testmetadata_input_file[data0] SKIPPED   [ 57%]
test/data/testSP.py::NBOSPTest::testmetadata_methods[data0] SKIPPED      [ 57%]
test/data/testSP.py::NBOSPTest::testmetadata_package[data0] SKIPPED      [ 57%]
test/data/testSP.py::NBOSPTest::testmetadata_legacy_package_version[data0] SKIPPED [ 58%]
test/data/testSP.py::NBOSPTest::testmetadata_package_version[data0] SKIPPED [ 58%]
test/data/testSP.py::NBOSPTest::testmetadata_success[data0] SKIPPED      [ 58%]
test/data/testSP.py::NBOSPTest::testmetadata_symmetry_detected[data0] SKIPPED [ 58%]
test/data/testSP.py::NBOSPTest::testmetadata_symmetry_used[data0] SKIPPED [ 58%]
test/data/testSP.py::NBOSPTest::testmetadata_times[data0] SKIPPED (g...) [ 58%]
test/data/testSP.py::NBOSPTest::testpopulations[data0] SKIPPED (got ...) [ 58%]
test/data/testSP.py::TurbomoleSPTest::testnatom[data0] SKIPPED (got ...) [ 58%]
test/data/testSP.py::TurbomoleSPTest::testatomnos[data0] SKIPPED (go...) [ 58%]
test/data/testSP.py::TurbomoleSPTest::testatomcharges[data0] SKIPPED     [ 58%]
test/data/testSP.py::TurbomoleSPTest::testatomcharges_mulliken[data0] SKIPPED [ 59%]
test/data/testSP.py::TurbomoleSPTest::testatomcharges_lowdin[data0] SKIPPED [ 59%]
test/data/testSP.py::TurbomoleSPTest::testatomcharges_hirshfeld[data0] SKIPPED [ 59%]
test/data/testSP.py::TurbomoleSPTest::testatomcoords[data0] SKIPPED      [ 59%]
test/data/testSP.py::TurbomoleSPTest::testatomcoords_units[data0] SKIPPED [ 59%]
test/data/testSP.py::TurbomoleSPTest::testcharge_and_mult[data0] SKIPPED [ 59%]
test/data/testSP.py::TurbomoleSPTest::testnbasis[data0] SKIPPED (got...) [ 59%]
test/data/testSP.py::TurbomoleSPTest::testatombasis[data0] SKIPPED (...) [ 59%]
test/data/testSP.py::TurbomoleSPTest::testatommasses[data0] SKIPPED      [ 59%]
test/data/testSP.py::TurbomoleSPTest::testcoreelectrons[data0] SKIPPED   [ 60%]
test/data/testSP.py::TurbomoleSPTest::testsymlabels[data0] SKIPPED (...) [ 60%]
test/data/testSP.py::TurbomoleSPTest::testhomos[data0] SKIPPED (got ...) [ 60%]
test/data/testSP.py::TurbomoleSPTest::testscfvaluetype[data0] SKIPPED    [ 60%]
test/data/testSP.py::TurbomoleSPTest::testscfenergy[data0] SKIPPED (...) [ 60%]
test/data/testSP.py::TurbomoleSPTest::testscftargetdim[data0] SKIPPED    [ 60%]
test/data/testSP.py::TurbomoleSPTest::testscftargets[data0] SKIPPED      [ 60%]
test/data/testSP.py::TurbomoleSPTest::testlengthmoenergies[data0] SKIPPED [ 60%]
test/data/testSP.py::TurbomoleSPTest::testtypemoenergies[data0] SKIPPED  [ 60%]
test/data/testSP.py::TurbomoleSPTest::testfirstmoenergy[data0] SKIPPED   [ 60%]
test/data/testSP.py::TurbomoleSPTest::testdimmocoeffs[data0] SKIPPED     [ 61%]
test/data/testSP.py::TurbomoleSPTest::testfornoormo[data0] SKIPPED (...) [ 61%]
test/data/testSP.py::TurbomoleSPTest::testdimnoccnos[data0] SKIPPED      [ 61%]
test/data/testSP.py::TurbomoleSPTest::testdimnocoeffs[data0] SKIPPED     [ 61%]
test/data/testSP.py::TurbomoleSPTest::testaooverlaps[data0] SKIPPED      [ 61%]
test/data/testSP.py::TurbomoleSPTest::testoptdone[data0] SKIPPED (go...) [ 61%]
test/data/testSP.py::TurbomoleSPTest::testrotconsts[data0] SKIPPED (...) [ 61%]
test/data/testSP.py::TurbomoleSPTest::testmoments[data0] SKIPPED (go...) [ 61%]
test/data/testSP.py::TurbomoleSPTest::testmetadata_input_file[data0] SKIPPED [ 61%]
test/data/testSP.py::TurbomoleSPTest::testmetadata_methods[data0] SKIPPED [ 62%]
test/data/testSP.py::TurbomoleSPTest::testmetadata_package[data0] SKIPPED [ 62%]
test/data/testSP.py::TurbomoleSPTest::testmetadata_legacy_package_version[data0] SKIPPED [ 62%]
test/data/testSP.py::TurbomoleSPTest::testmetadata_package_version[data0] SKIPPED [ 62%]
test/data/testSP.py::TurbomoleSPTest::testmetadata_success[data0] SKIPPED [ 62%]
test/data/testSP.py::TurbomoleSPTest::testmetadata_symmetry_detected[data0] SKIPPED [ 62%]
test/data/testSP.py::TurbomoleSPTest::testmetadata_symmetry_used[data0] SKIPPED [ 62%]
test/data/testSP.py::TurbomoleSPTest::testmetadata_times[data0] SKIPPED  [ 62%]
test/data/testSP.py::TurbomoleSPTest::testmetadata_basis_set[data0] SKIPPED [ 62%]
test/data/testSP.py::TurbomoleHFSPTest::testnatom[data0] SKIPPED (go...) [ 62%]
test/data/testSP.py::TurbomoleHFSPTest::testatomnos[data0] SKIPPED (...) [ 63%]
test/data/testSP.py::TurbomoleHFSPTest::testatomcharges[data0] SKIPPED   [ 63%]
test/data/testSP.py::TurbomoleHFSPTest::testatomcharges_mulliken[data0] SKIPPED [ 63%]
test/data/testSP.py::TurbomoleHFSPTest::testatomcharges_lowdin[data0] SKIPPED [ 63%]
test/data/testSP.py::TurbomoleHFSPTest::testatomcharges_hirshfeld[data0] SKIPPED [ 63%]
test/data/testSP.py::TurbomoleHFSPTest::testatomcoords[data0] SKIPPED    [ 63%]
test/data/testSP.py::TurbomoleHFSPTest::testatomcoords_units[data0] SKIPPED [ 63%]
test/data/testSP.py::TurbomoleHFSPTest::testcharge_and_mult[data0] SKIPPED [ 63%]
test/data/testSP.py::TurbomoleHFSPTest::testnbasis[data0] SKIPPED (g...) [ 63%]
test/data/testSP.py::TurbomoleHFSPTest::testatombasis[data0] SKIPPED     [ 63%]
test/data/testSP.py::TurbomoleHFSPTest::testatommasses[data0] SKIPPED    [ 64%]
test/data/testSP.py::TurbomoleHFSPTest::testcoreelectrons[data0] SKIPPED [ 64%]
test/data/testSP.py::TurbomoleHFSPTest::testsymlabels[data0] SKIPPED     [ 64%]
test/data/testSP.py::TurbomoleHFSPTest::testhomos[data0] SKIPPED (go...) [ 64%]
test/data/testSP.py::TurbomoleHFSPTest::testscfvaluetype[data0] SKIPPED  [ 64%]
test/data/testSP.py::TurbomoleHFSPTest::testscfenergy[data0] SKIPPED     [ 64%]
test/data/testSP.py::TurbomoleHFSPTest::testscftargetdim[data0] SKIPPED  [ 64%]
test/data/testSP.py::TurbomoleHFSPTest::testscftargets[data0] SKIPPED    [ 64%]
test/data/testSP.py::TurbomoleHFSPTest::testlengthmoenergies[data0] SKIPPED [ 64%]
test/data/testSP.py::TurbomoleHFSPTest::testtypemoenergies[data0] SKIPPED [ 65%]
test/data/testSP.py::TurbomoleHFSPTest::testfirstmoenergy[data0] SKIPPED [ 65%]
test/data/testSP.py::TurbomoleHFSPTest::testdimmocoeffs[data0] SKIPPED   [ 65%]
test/data/testSP.py::TurbomoleHFSPTest::testfornoormo[data0] SKIPPED     [ 65%]
test/data/testSP.py::TurbomoleHFSPTest::testdimnoccnos[data0] SKIPPED    [ 65%]
test/data/testSP.py::TurbomoleHFSPTest::testdimnocoeffs[data0] SKIPPED   [ 65%]
test/data/testSP.py::TurbomoleHFSPTest::testaooverlaps[data0] SKIPPED    [ 65%]
test/data/testSP.py::TurbomoleHFSPTest::testoptdone[data0] SKIPPED (...) [ 65%]
test/data/testSP.py::TurbomoleHFSPTest::testrotconsts[data0] SKIPPED     [ 65%]
test/data/testSP.py::TurbomoleHFSPTest::testmoments[data0] SKIPPED (...) [ 65%]
test/data/testSP.py::TurbomoleHFSPTest::testmetadata_input_file[data0] SKIPPED [ 66%]
test/data/testSP.py::TurbomoleHFSPTest::testmetadata_methods[data0] SKIPPED [ 66%]
test/data/testSP.py::TurbomoleHFSPTest::testmetadata_package[data0] SKIPPED [ 66%]
test/data/testSP.py::TurbomoleHFSPTest::testmetadata_legacy_package_version[data0] SKIPPED [ 66%]
test/data/testSP.py::TurbomoleHFSPTest::testmetadata_package_version[data0] SKIPPED [ 66%]
test/data/testSP.py::TurbomoleHFSPTest::testmetadata_success[data0] SKIPPED [ 66%]
test/data/testSP.py::TurbomoleHFSPTest::testmetadata_symmetry_detected[data0] SKIPPED [ 66%]
test/data/testSP.py::TurbomoleHFSPTest::testmetadata_symmetry_used[data0] SKIPPED [ 66%]
test/data/testSP.py::TurbomoleHFSPTest::testmetadata_times[data0] SKIPPED [ 66%]
test/data/testSP.py::TurbomoleHFSPTest::testmetadata_basis_set[data0] SKIPPED [ 67%]
test/data/testSP.py::XTBSPTest::testnatom[data0] SKIPPED (got empty ...) [ 67%]
test/data/testSP.py::XTBSPTest::testatomnos[data0] SKIPPED (got empt...) [ 67%]
test/data/testSP.py::XTBSPTest::testatomcharges[data0] SKIPPED (got ...) [ 67%]
test/data/testSP.py::XTBSPTest::testatomcharges_mulliken[data0] SKIPPED  [ 67%]
test/data/testSP.py::XTBSPTest::testatomcharges_lowdin[data0] SKIPPED    [ 67%]
test/data/testSP.py::XTBSPTest::testatomcharges_hirshfeld[data0] SKIPPED [ 67%]
test/data/testSP.py::XTBSPTest::testatomcoords[data0] SKIPPED (got e...) [ 67%]
test/data/testSP.py::XTBSPTest::testatomcoords_units[data0] SKIPPED      [ 67%]
test/data/testSP.py::XTBSPTest::testcharge_and_mult[data0] SKIPPED (...) [ 67%]
test/data/testSP.py::XTBSPTest::testnbasis[data0] SKIPPED (got empty...) [ 68%]
test/data/testSP.py::XTBSPTest::testatombasis[data0] SKIPPED (got em...) [ 68%]
test/data/testSP.py::XTBSPTest::testatommasses[data0] SKIPPED (got e...) [ 68%]
test/data/testSP.py::XTBSPTest::testcoreelectrons[data0] SKIPPED (go...) [ 68%]
test/data/testSP.py::XTBSPTest::testsymlabels[data0] SKIPPED (got em...) [ 68%]
test/data/testSP.py::XTBSPTest::testhomos[data0] SKIPPED (got empty ...) [ 68%]
test/data/testSP.py::XTBSPTest::testscfvaluetype[data0] SKIPPED (got...) [ 68%]
test/data/testSP.py::XTBSPTest::testscftargetdim[data0] SKIPPED (got...) [ 68%]
test/data/testSP.py::XTBSPTest::testscftargets[data0] SKIPPED (got e...) [ 68%]
test/data/testSP.py::XTBSPTest::testlengthmoenergies[data0] SKIPPED      [ 68%]
test/data/testSP.py::XTBSPTest::testtypemoenergies[data0] SKIPPED (g...) [ 69%]
test/data/testSP.py::XTBSPTest::testfirstmoenergy[data0] SKIPPED (go...) [ 69%]
test/data/testSP.py::XTBSPTest::testdimmocoeffs[data0] SKIPPED (got ...) [ 69%]
test/data/testSP.py::XTBSPTest::testfornoormo[data0] SKIPPED (got em...) [ 69%]
test/data/testSP.py::XTBSPTest::testdimnoccnos[data0] SKIPPED (got e...) [ 69%]
test/data/testSP.py::XTBSPTest::testdimnocoeffs[data0] SKIPPED (got ...) [ 69%]
test/data/testSP.py::XTBSPTest::testaooverlaps[data0] SKIPPED (got e...) [ 69%]
test/data/testSP.py::XTBSPTest::testoptdone[data0] SKIPPED (got empt...) [ 69%]
test/data/testSP.py::XTBSPTest::testrotconsts[data0] SKIPPED (got em...) [ 69%]
test/data/testSP.py::XTBSPTest::testmoments[data0] SKIPPED (got empt...) [ 70%]
test/data/testSP.py::XTBSPTest::testmetadata_basis_set[data0] SKIPPED    [ 70%]
test/data/testSP.py::XTBSPTest::testmetadata_input_file[data0] SKIPPED   [ 70%]
test/data/testSP.py::XTBSPTest::testmetadata_methods[data0] SKIPPED      [ 70%]
test/data/testSP.py::XTBSPTest::testmetadata_package[data0] SKIPPED      [ 70%]
test/data/testSP.py::XTBSPTest::testmetadata_legacy_package_version[data0] SKIPPED [ 70%]
test/data/testSP.py::XTBSPTest::testmetadata_package_version[data0] SKIPPED [ 70%]
test/data/testSP.py::XTBSPTest::testmetadata_success[data0] SKIPPED      [ 70%]
test/data/testSP.py::XTBSPTest::testmetadata_symmetry_detected[data0] SKIPPED [ 70%]
test/data/testSP.py::XTBSPTest::testmetadata_symmetry_used[data0] SKIPPED [ 70%]
test/data/testSP.py::XTBSPTest::testmetadata_times[data0] SKIPPED (g...) [ 71%]
test/data/testSP.py::XTBSPTest::testscfenergy[data0] SKIPPED (got em...) [ 71%]
test/data/testSP.py::GenericDispersionTest::testdispersionenergies[Gaussian/basicGaussian09/dvb_dispersion_bp86_d3zero.out] PASSED [ 71%]
test/data/testSP.py::FireflyDispersionTest::testdispersionenergies[data0] SKIPPED [ 71%]
test/data/testSP.py::SolventMetadataTest::test_solvent_model[data0] SKIPPED [ 71%]
test/data/testSP.py::SolventMetadataTest::test_solvent_dielectric[data0] SKIPPED [ 71%]
test/data/testSP.py::QChemSolventMetadataTest::test_solvent_model[data0] SKIPPED [ 71%]
test/data/testSP.py::QChemSolventMetadataTest::test_solvent_dielectric[data0] SKIPPED [ 71%]
test/data/testSP.py::IEFPCMMetadataTest::test_solvent_model[data0] SKIPPED [ 71%]
test/data/testSP.py::IEFPCMMetadataTest::test_solvent_dielectric[data0] SKIPPED [ 72%]
test/data/testSP.py::SCIPCMMetadataTest::test_solvent_model[data0] SKIPPED [ 72%]
test/data/testSP.py::SCIPCMMetadataTest::test_solvent_dielectric[data0] SKIPPED [ 72%]
test/data/testSP.py::IPCMMetadataTest::test_solvent_model[data0] SKIPPED [ 72%]
test/data/testSP.py::IPCMMetadataTest::test_solvent_dielectric[data0] SKIPPED [ 72%]
test/data/testSP.py::COSMOMetadataTest::test_solvent_model[data0] SKIPPED [ 72%]
test/data/testSP.py::COSMOMetadataTest::test_solvent_dielectric[data0] SKIPPED [ 72%]
test/data/testSP.py::CPCMMetadataTest::test_solvent_model[data0] SKIPPED [ 72%]
test/data/testSP.py::CPCMMetadataTest::test_solvent_dielectric[data0] SKIPPED [ 72%]
test/data/testSP.py::CPCMCOSMOMetadataTest::test_solvent_model[data0] SKIPPED [ 72%]
test/data/testSP.py::CPCMCOSMOMetadataTest::test_solvent_dielectric[data0] SKIPPED [ 73%]
test/data/testSP.py::SMDIEFPCMMetadataTest::test_solvent_model[data0] SKIPPED [ 73%]
test/data/testSP.py::SMDIEFPCMMetadataTest::test_solvent_dielectric[data0] SKIPPED [ 73%]
test/data/testSP.py::SMDCPCMMetadataTest::test_solvent_model[data0] SKIPPED [ 73%]
test/data/testSP.py::SMDCPCMMetadataTest::test_solvent_dielectric[data0] SKIPPED [ 73%]
test/data/testSP.py::QChemSMDIEFPCMMetadataTest::test_solvent_model[data0] SKIPPED [ 73%]
test/data/testSP.py::QChemSMDIEFPCMMetadataTest::test_solvent_dielectric[data0] SKIPPED [ 73%]
test/data/testSP.py::QChemSMDCPCMMetadataTest::test_solvent_model[data0] SKIPPED [ 73%]
test/data/testSP.py::QChemSMDCPCMMetadataTest::test_solvent_dielectric[data0] SKIPPED [ 73%]
test/data/testSP.py::GaussianPerformanceMetadataTest::testmetadata_cpu[data0] SKIPPED [ 74%]
test/data/testSP.py::GaussianPerformanceMetadataTest::testmetadata_memory_available[data0] SKIPPED [ 74%]
test/data/testSP.py::GaussianPerformanceMetadataTest::testmetadata_memory_used[data0] SKIPPED [ 74%]
test/data/testSP.py::ORCAPerformanceMetadataTest::testmetadata_cpu[data0] SKIPPED [ 74%]
test/data/testSP.py::ORCAPerformanceMetadataTest::testmetadata_memory_available[data0] SKIPPED [ 74%]
test/data/testSP.py::ORCAPerformanceMetadataTest::testmetadata_memory_used[data0] SKIPPED [ 74%]
test/data/testSP.py::TurbomolePerformanceMetadataTest::testmetadata_cpu[data0] SKIPPED [ 74%]
test/data/testSP.py::TurbomolePerformanceMetadataTest::testmetadata_memory_available[data0] SKIPPED [ 74%]
test/data/testSP.py::TurbomolePerformanceMetadataTest::testmetadata_memory_used[data0] SKIPPED [ 74%]
test/data/testSP.py::GaussianSPTest::testnatom[Gaussian/basicGaussian16/dvb_sp.out] PASSED [ 74%]
test/data/testSP.py::GaussianSPTest::testatomnos[Gaussian/basicGaussian16/dvb_sp.out] PASSED [ 75%]
test/data/testSP.py::GaussianSPTest::testatomcharges[Gaussian/basicGaussian16/dvb_sp.out] SKIPPED [ 75%]
test/data/testSP.py::GaussianSPTest::testatomcharges_mulliken[Gaussian/basicGaussian16/dvb_sp.out] SKIPPED [ 75%]
test/data/testSP.py::GaussianSPTest::testatomcharges_lowdin[Gaussian/basicGaussian16/dvb_sp.out] SKIPPED [ 75%]
test/data/testSP.py::GaussianSPTest::testatomcharges_hirshfeld[Gaussian/basicGaussian16/dvb_sp.out] SKIPPED [ 75%]
test/data/testSP.py::GaussianSPTest::testatomcoords[Gaussian/basicGaussian16/dvb_sp.out] PASSED [ 75%]
test/data/testSP.py::GaussianSPTest::testatomcoords_units[Gaussian/basicGaussian16/dvb_sp.out] PASSED [ 75%]
test/data/testSP.py::GaussianSPTest::testcharge_and_mult[Gaussian/basicGaussian16/dvb_sp.out] PASSED [ 75%]
test/data/testSP.py::GaussianSPTest::testnbasis[Gaussian/basicGaussian16/dvb_sp.out] PASSED [ 75%]
test/data/testSP.py::GaussianSPTest::testatombasis[Gaussian/basicGaussian16/dvb_sp.out] PASSED [ 75%]
test/data/testSP.py::GaussianSPTest::testatommasses[Gaussian/basicGaussian16/dvb_sp.out] PASSED [ 76%]
test/data/testSP.py::GaussianSPTest::testcoreelectrons[Gaussian/basicGaussian16/dvb_sp.out] PASSED [ 76%]
test/data/testSP.py::GaussianSPTest::testsymlabels[Gaussian/basicGaussian16/dvb_sp.out] SKIPPED [ 76%]
test/data/testSP.py::GaussianSPTest::testhomos[Gaussian/basicGaussian16/dvb_sp.out] SKIPPED [ 76%]
test/data/testSP.py::GaussianSPTest::testscfvaluetype[Gaussian/basicGaussian16/dvb_sp.out] PASSED [ 76%]
test/data/testSP.py::GaussianSPTest::testscfenergy[Gaussian/basicGaussian16/dvb_sp.out] PASSED [ 76%]
test/data/testSP.py::GaussianSPTest::testscftargetdim[Gaussian/basicGaussian16/dvb_sp.out] PASSED [ 76%]
test/data/testSP.py::GaussianSPTest::testscftargets[Gaussian/basicGaussian16/dvb_sp.out] PASSED [ 76%]
test/data/testSP.py::GaussianSPTest::testlengthmoenergies[Gaussian/basicGaussian16/dvb_sp.out] PASSED [ 76%]
test/data/testSP.py::GaussianSPTest::testtypemoenergies[Gaussian/basicGaussian16/dvb_sp.out] PASSED [ 77%]
test/data/testSP.py::GaussianSPTest::testfirstmoenergy[Gaussian/basicGaussian16/dvb_sp.out] PASSED [ 77%]
test/data/testSP.py::GaussianSPTest::testdimmocoeffs[Gaussian/basicGaussian16/dvb_sp.out] PASSED [ 77%]
test/data/testSP.py::GaussianSPTest::testfornoormo[Gaussian/basicGaussian16/dvb_sp.out] PASSED [ 77%]
test/data/testSP.py::GaussianSPTest::testdimnoccnos[Gaussian/basicGaussian16/dvb_sp.out] PASSED [ 77%]
test/data/testSP.py::GaussianSPTest::testdimnocoeffs[Gaussian/basicGaussian16/dvb_sp.out] PASSED [ 77%]
test/data/testSP.py::GaussianSPTest::testaooverlaps[Gaussian/basicGaussian16/dvb_sp.out] PASSED [ 77%]
test/data/testSP.py::GaussianSPTest::testoptdone[Gaussian/basicGaussian16/dvb_sp.out] PASSED [ 77%]
test/data/testSP.py::GaussianSPTest::testrotconsts[Gaussian/basicGaussian16/dvb_sp.out] SKIPPED [ 77%]
test/data/testSP.py::GaussianSPTest::testmoments[Gaussian/basicGaussian16/dvb_sp.out] SKIPPED [ 77%]
test/data/testSP.py::GaussianSPTest::testmetadata_basis_set[Gaussian/basicGaussian16/dvb_sp.out] SKIPPED [ 78%]
test/data/testSP.py::GaussianSPTest::testmetadata_input_file[Gaussian/basicGaussian16/dvb_sp.out] SKIPPED [ 78%]
test/data/testSP.py::GaussianSPTest::testmetadata_methods[Gaussian/basicGaussian16/dvb_sp.out] SKIPPED [ 78%]
test/data/testSP.py::GaussianSPTest::testmetadata_package[Gaussian/basicGaussian16/dvb_sp.out] SKIPPED [ 78%]
test/data/testSP.py::GaussianSPTest::testmetadata_legacy_package_version[Gaussian/basicGaussian16/dvb_sp.out] SKIPPED [ 78%]
test/data/testSP.py::GaussianSPTest::testmetadata_package_version[Gaussian/basicGaussian16/dvb_sp.out] SKIPPED [ 78%]
test/data/testSP.py::GaussianSPTest::testmetadata_success[Gaussian/basicGaussian16/dvb_sp.out] SKIPPED [ 78%]
test/data/testSP.py::GaussianSPTest::testmetadata_symmetry_detected[Gaussian/basicGaussian16/dvb_sp.out] SKIPPED [ 78%]
test/data/testSP.py::GaussianSPTest::testmetadata_symmetry_used[Gaussian/basicGaussian16/dvb_sp.out] SKIPPED [ 78%]
test/data/testSP.py::GaussianSPTest::testmetadata_times[Gaussian/basicGaussian16/dvb_sp.out] SKIPPED [ 79%]
test/data/testSP.py::PsiSPTest::testnatom[Psi4/basicPsi4-1.3.1/dvb_sp_rks.out] PASSED [ 79%]
test/data/testSP.py::PsiSPTest::testatomnos[Psi4/basicPsi4-1.3.1/dvb_sp_rks.out] PASSED [ 79%]
test/data/testSP.py::PsiSPTest::testatomcharges[Psi4/basicPsi4-1.3.1/dvb_sp_rks.out] SKIPPED [ 79%]
test/data/testSP.py::PsiSPTest::testatomcharges_mulliken[Psi4/basicPsi4-1.3.1/dvb_sp_rks.out] SKIPPED [ 79%]
test/data/testSP.py::PsiSPTest::testatomcharges_lowdin[Psi4/basicPsi4-1.3.1/dvb_sp_rks.out] SKIPPED [ 79%]
test/data/testSP.py::PsiSPTest::testatomcharges_hirshfeld[Psi4/basicPsi4-1.3.1/dvb_sp_rks.out] SKIPPED [ 79%]
test/data/testSP.py::PsiSPTest::testatomcoords[Psi4/basicPsi4-1.3.1/dvb_sp_rks.out] PASSED [ 79%]
test/data/testSP.py::PsiSPTest::testatomcoords_units[Psi4/basicPsi4-1.3.1/dvb_sp_rks.out] PASSED [ 79%]
test/data/testSP.py::PsiSPTest::testcharge_and_mult[Psi4/basicPsi4-1.3.1/dvb_sp_rks.out] PASSED [ 79%]
test/data/testSP.py::PsiSPTest::testnbasis[Psi4/basicPsi4-1.3.1/dvb_sp_rks.out] PASSED [ 80%]
test/data/testSP.py::PsiSPTest::testatombasis[Psi4/basicPsi4-1.3.1/dvb_sp_rks.out] PASSED [ 80%]
test/data/testSP.py::PsiSPTest::testatommasses[Psi4/basicPsi4-1.3.1/dvb_sp_rks.out] PASSED [ 80%]
test/data/testSP.py::PsiSPTest::testcoreelectrons[Psi4/basicPsi4-1.3.1/dvb_sp_rks.out] SKIPPED [ 80%]
test/data/testSP.py::PsiSPTest::testsymlabels[Psi4/basicPsi4-1.3.1/dvb_sp_rks.out] SKIPPED [ 80%]
test/data/testSP.py::PsiSPTest::testhomos[Psi4/basicPsi4-1.3.1/dvb_sp_rks.out] SKIPPED [ 80%]
test/data/testSP.py::PsiSPTest::testscfvaluetype[Psi4/basicPsi4-1.3.1/dvb_sp_rks.out] SKIPPED [ 80%]
test/data/testSP.py::PsiSPTest::testscfenergy[Psi4/basicPsi4-1.3.1/dvb_sp_rks.out] FAILED [ 80%]
test/data/testSP.py::PsiSPTest::testscftargetdim[Psi4/basicPsi4-1.3.1/dvb_sp_rks.out] SKIPPED [ 80%]
test/data/testSP.py::PsiSPTest::testscftargets[Psi4/basicPsi4-1.3.1/dvb_sp_rks.out] SKIPPED [ 81%]
test/data/testSP.py::PsiSPTest::testlengthmoenergies[Psi4/basicPsi4-1.3.1/dvb_sp_rks.out] PASSED [ 81%]
test/data/testSP.py::PsiSPTest::testtypemoenergies[Psi4/basicPsi4-1.3.1/dvb_sp_rks.out] PASSED [ 81%]
test/data/testSP.py::PsiSPTest::testfirstmoenergy[Psi4/basicPsi4-1.3.1/dvb_sp_rks.out] SKIPPED [ 81%]
test/data/testSP.py::PsiSPTest::testdimmocoeffs[Psi4/basicPsi4-1.3.1/dvb_sp_rks.out] PASSED [ 81%]
test/data/testSP.py::PsiSPTest::testfornoormo[Psi4/basicPsi4-1.3.1/dvb_sp_rks.out] PASSED [ 81%]
test/data/testSP.py::PsiSPTest::testdimnoccnos[Psi4/basicPsi4-1.3.1/dvb_sp_rks.out] PASSED [ 81%]
test/data/testSP.py::PsiSPTest::testdimnocoeffs[Psi4/basicPsi4-1.3.1/dvb_sp_rks.out] PASSED [ 81%]
test/data/testSP.py::PsiSPTest::testaooverlaps[Psi4/basicPsi4-1.3.1/dvb_sp_rks.out] SKIPPED [ 81%]
test/data/testSP.py::PsiSPTest::testoptdone[Psi4/basicPsi4-1.3.1/dvb_sp_rks.out] PASSED [ 81%]
test/data/testSP.py::PsiSPTest::testrotconsts[Psi4/basicPsi4-1.3.1/dvb_sp_rks.out] SKIPPED [ 82%]
test/data/testSP.py::PsiSPTest::testmoments[Psi4/basicPsi4-1.3.1/dvb_sp_rks.out] PASSED [ 82%]
test/data/testSP.py::PsiSPTest::testmetadata_basis_set[Psi4/basicPsi4-1.3.1/dvb_sp_rks.out] SKIPPED [ 82%]
test/data/testSP.py::PsiSPTest::testmetadata_input_file[Psi4/basicPsi4-1.3.1/dvb_sp_rks.out] SKIPPED [ 82%]
test/data/testSP.py::PsiSPTest::testmetadata_methods[Psi4/basicPsi4-1.3.1/dvb_sp_rks.out] SKIPPED [ 82%]
test/data/testSP.py::PsiSPTest::testmetadata_package[Psi4/basicPsi4-1.3.1/dvb_sp_rks.out] SKIPPED [ 82%]
test/data/testSP.py::PsiSPTest::testmetadata_legacy_package_version[Psi4/basicPsi4-1.3.1/dvb_sp_rks.out] SKIPPED [ 82%]
test/data/testSP.py::PsiSPTest::testmetadata_package_version[Psi4/basicPsi4-1.3.1/dvb_sp_rks.out] SKIPPED [ 82%]
test/data/testSP.py::PsiSPTest::testmetadata_success[Psi4/basicPsi4-1.3.1/dvb_sp_rks.out] SKIPPED [ 82%]
test/data/testSP.py::PsiSPTest::testmetadata_symmetry_detected[Psi4/basicPsi4-1.3.1/dvb_sp_rks.out] SKIPPED [ 82%]
test/data/testSP.py::PsiSPTest::testmetadata_symmetry_used[Psi4/basicPsi4-1.3.1/dvb_sp_rks.out] SKIPPED [ 83%]
test/data/testSP.py::PsiSPTest::testmetadata_times[Psi4/basicPsi4-1.3.1/dvb_sp_rks.out] SKIPPED [ 83%]
test/data/testSP.py::PsiHFSPTest::testnatom[Psi4/basicPsi4-1.3.1/dvb_sp_rhf.out] PASSED [ 83%]
test/data/testSP.py::PsiHFSPTest::testatomnos[Psi4/basicPsi4-1.3.1/dvb_sp_rhf.out] PASSED [ 83%]
test/data/testSP.py::PsiHFSPTest::testatomcharges[Psi4/basicPsi4-1.3.1/dvb_sp_rhf.out] SKIPPED [ 83%]
test/data/testSP.py::PsiHFSPTest::testatomcharges_mulliken[Psi4/basicPsi4-1.3.1/dvb_sp_rhf.out] SKIPPED [ 83%]
test/data/testSP.py::PsiHFSPTest::testatomcharges_lowdin[Psi4/basicPsi4-1.3.1/dvb_sp_rhf.out] SKIPPED [ 83%]
test/data/testSP.py::PsiHFSPTest::testatomcharges_hirshfeld[Psi4/basicPsi4-1.3.1/dvb_sp_rhf.out] SKIPPED [ 83%]
test/data/testSP.py::PsiHFSPTest::testatomcoords[Psi4/basicPsi4-1.3.1/dvb_sp_rhf.out] PASSED [ 83%]
test/data/testSP.py::PsiHFSPTest::testatomcoords_units[Psi4/basicPsi4-1.3.1/dvb_sp_rhf.out] PASSED [ 84%]
test/data/testSP.py::PsiHFSPTest::testcharge_and_mult[Psi4/basicPsi4-1.3.1/dvb_sp_rhf.out] PASSED [ 84%]
test/data/testSP.py::PsiHFSPTest::testnbasis[Psi4/basicPsi4-1.3.1/dvb_sp_rhf.out] PASSED [ 84%]
test/data/testSP.py::PsiHFSPTest::testatombasis[Psi4/basicPsi4-1.3.1/dvb_sp_rhf.out] PASSED [ 84%]
test/data/testSP.py::PsiHFSPTest::testatommasses[Psi4/basicPsi4-1.3.1/dvb_sp_rhf.out] PASSED [ 84%]
test/data/testSP.py::PsiHFSPTest::testcoreelectrons[Psi4/basicPsi4-1.3.1/dvb_sp_rhf.out] SKIPPED [ 84%]
test/data/testSP.py::PsiHFSPTest::testsymlabels[Psi4/basicPsi4-1.3.1/dvb_sp_rhf.out] SKIPPED [ 84%]
test/data/testSP.py::PsiHFSPTest::testhomos[Psi4/basicPsi4-1.3.1/dvb_sp_rhf.out] SKIPPED [ 84%]
test/data/testSP.py::PsiHFSPTest::testscfvaluetype[Psi4/basicPsi4-1.3.1/dvb_sp_rhf.out] SKIPPED [ 84%]
test/data/testSP.py::PsiHFSPTest::testscfenergy[Psi4/basicPsi4-1.3.1/dvb_sp_rhf.out] PASSED [ 84%]
test/data/testSP.py::PsiHFSPTest::testscftargetdim[Psi4/basicPsi4-1.3.1/dvb_sp_rhf.out] SKIPPED [ 85%]
test/data/testSP.py::PsiHFSPTest::testscftargets[Psi4/basicPsi4-1.3.1/dvb_sp_rhf.out] SKIPPED [ 85%]
test/data/testSP.py::PsiHFSPTest::testlengthmoenergies[Psi4/basicPsi4-1.3.1/dvb_sp_rhf.out] PASSED [ 85%]
test/data/testSP.py::PsiHFSPTest::testtypemoenergies[Psi4/basicPsi4-1.3.1/dvb_sp_rhf.out] PASSED [ 85%]
test/data/testSP.py::PsiHFSPTest::testfirstmoenergy[Psi4/basicPsi4-1.3.1/dvb_sp_rhf.out] SKIPPED [ 85%]
test/data/testSP.py::PsiHFSPTest::testdimmocoeffs[Psi4/basicPsi4-1.3.1/dvb_sp_rhf.out] PASSED [ 85%]
test/data/testSP.py::PsiHFSPTest::testfornoormo[Psi4/basicPsi4-1.3.1/dvb_sp_rhf.out] PASSED [ 85%]
test/data/testSP.py::PsiHFSPTest::testdimnoccnos[Psi4/basicPsi4-1.3.1/dvb_sp_rhf.out] PASSED [ 85%]
test/data/testSP.py::PsiHFSPTest::testdimnocoeffs[Psi4/basicPsi4-1.3.1/dvb_sp_rhf.out] PASSED [ 85%]
test/data/testSP.py::PsiHFSPTest::testaooverlaps[Psi4/basicPsi4-1.3.1/dvb_sp_rhf.out] SKIPPED [ 86%]
test/data/testSP.py::PsiHFSPTest::testoptdone[Psi4/basicPsi4-1.3.1/dvb_sp_rhf.out] PASSED [ 86%]
test/data/testSP.py::PsiHFSPTest::testrotconsts[Psi4/basicPsi4-1.3.1/dvb_sp_rhf.out] SKIPPED [ 86%]
test/data/testSP.py::PsiHFSPTest::testmoments[Psi4/basicPsi4-1.3.1/dvb_sp_rhf.out] PASSED [ 86%]
test/data/testSP.py::PsiHFSPTest::testmetadata_basis_set[Psi4/basicPsi4-1.3.1/dvb_sp_rhf.out] SKIPPED [ 86%]
test/data/testSP.py::PsiHFSPTest::testmetadata_input_file[Psi4/basicPsi4-1.3.1/dvb_sp_rhf.out] SKIPPED [ 86%]
test/data/testSP.py::PsiHFSPTest::testmetadata_methods[Psi4/basicPsi4-1.3.1/dvb_sp_rhf.out] SKIPPED [ 86%]
test/data/testSP.py::PsiHFSPTest::testmetadata_package[Psi4/basicPsi4-1.3.1/dvb_sp_rhf.out] SKIPPED [ 86%]
test/data/testSP.py::PsiHFSPTest::testmetadata_legacy_package_version[Psi4/basicPsi4-1.3.1/dvb_sp_rhf.out] SKIPPED [ 86%]
test/data/testSP.py::PsiHFSPTest::testmetadata_package_version[Psi4/basicPsi4-1.3.1/dvb_sp_rhf.out] SKIPPED [ 86%]
test/data/testSP.py::PsiHFSPTest::testmetadata_success[Psi4/basicPsi4-1.3.1/dvb_sp_rhf.out] SKIPPED [ 87%]
test/data/testSP.py::PsiHFSPTest::testmetadata_symmetry_detected[Psi4/basicPsi4-1.3.1/dvb_sp_rhf.out] SKIPPED [ 87%]
test/data/testSP.py::PsiHFSPTest::testmetadata_symmetry_used[Psi4/basicPsi4-1.3.1/dvb_sp_rhf.out] SKIPPED [ 87%]
test/data/testSP.py::PsiHFSPTest::testmetadata_times[Psi4/basicPsi4-1.3.1/dvb_sp_rhf.out] SKIPPED [ 87%]
test/data/testSP.py::GenericDispersionTest::testdispersionenergies[Gaussian/basicGaussian16/dvb_dispersion_bp86_d3zero.out] PASSED [ 87%]
test/data/testSP.py::GaussianSPTest::testnatom[Gaussian/basicGaussian16/dvb_sp_no.out] PASSED [ 87%]
test/data/testSP.py::GaussianSPTest::testatomnos[Gaussian/basicGaussian16/dvb_sp_no.out] PASSED [ 87%]
test/data/testSP.py::GaussianSPTest::testatomcharges[Gaussian/basicGaussian16/dvb_sp_no.out] SKIPPED [ 87%]
test/data/testSP.py::GaussianSPTest::testatomcharges_mulliken[Gaussian/basicGaussian16/dvb_sp_no.out] SKIPPED [ 87%]
test/data/testSP.py::GaussianSPTest::testatomcharges_lowdin[Gaussian/basicGaussian16/dvb_sp_no.out] SKIPPED [ 87%]
test/data/testSP.py::GaussianSPTest::testatomcharges_hirshfeld[Gaussian/basicGaussian16/dvb_sp_no.out] SKIPPED [ 88%]
test/data/testSP.py::GaussianSPTest::testatomcoords[Gaussian/basicGaussian16/dvb_sp_no.out] PASSED [ 88%]
test/data/testSP.py::GaussianSPTest::testatomcoords_units[Gaussian/basicGaussian16/dvb_sp_no.out] PASSED [ 88%]
test/data/testSP.py::GaussianSPTest::testcharge_and_mult[Gaussian/basicGaussian16/dvb_sp_no.out] PASSED [ 88%]
test/data/testSP.py::GaussianSPTest::testnbasis[Gaussian/basicGaussian16/dvb_sp_no.out] PASSED [ 88%]
test/data/testSP.py::GaussianSPTest::testatombasis[Gaussian/basicGaussian16/dvb_sp_no.out] PASSED [ 88%]
test/data/testSP.py::GaussianSPTest::testatommasses[Gaussian/basicGaussian16/dvb_sp_no.out] PASSED [ 88%]
test/data/testSP.py::GaussianSPTest::testcoreelectrons[Gaussian/basicGaussian16/dvb_sp_no.out] PASSED [ 88%]
test/data/testSP.py::GaussianSPTest::testsymlabels[Gaussian/basicGaussian16/dvb_sp_no.out] SKIPPED [ 88%]
test/data/testSP.py::GaussianSPTest::testhomos[Gaussian/basicGaussian16/dvb_sp_no.out] SKIPPED [ 89%]
test/data/testSP.py::GaussianSPTest::testscfvaluetype[Gaussian/basicGaussian16/dvb_sp_no.out] PASSED [ 89%]
test/data/testSP.py::GaussianSPTest::testscfenergy[Gaussian/basicGaussian16/dvb_sp_no.out] PASSED [ 89%]
test/data/testSP.py::GaussianSPTest::testscftargetdim[Gaussian/basicGaussian16/dvb_sp_no.out] PASSED [ 89%]
test/data/testSP.py::GaussianSPTest::testscftargets[Gaussian/basicGaussian16/dvb_sp_no.out] PASSED [ 89%]
test/data/testSP.py::GaussianSPTest::testlengthmoenergies[Gaussian/basicGaussian16/dvb_sp_no.out] PASSED [ 89%]
test/data/testSP.py::GaussianSPTest::testtypemoenergies[Gaussian/basicGaussian16/dvb_sp_no.out] PASSED [ 89%]
test/data/testSP.py::GaussianSPTest::testfirstmoenergy[Gaussian/basicGaussian16/dvb_sp_no.out] SKIPPED [ 89%]
test/data/testSP.py::GaussianSPTest::testdimmocoeffs[Gaussian/basicGaussian16/dvb_sp_no.out] PASSED [ 89%]
test/data/testSP.py::GaussianSPTest::testfornoormo[Gaussian/basicGaussian16/dvb_sp_no.out] PASSED [ 89%]
test/data/testSP.py::GaussianSPTest::testdimnoccnos[Gaussian/basicGaussian16/dvb_sp_no.out] PASSED [ 90%]
test/data/testSP.py::GaussianSPTest::testdimnocoeffs[Gaussian/basicGaussian16/dvb_sp_no.out] PASSED [ 90%]
test/data/testSP.py::GaussianSPTest::testaooverlaps[Gaussian/basicGaussian16/dvb_sp_no.out] PASSED [ 90%]
test/data/testSP.py::GaussianSPTest::testoptdone[Gaussian/basicGaussian16/dvb_sp_no.out] PASSED [ 90%]
test/data/testSP.py::GaussianSPTest::testrotconsts[Gaussian/basicGaussian16/dvb_sp_no.out] SKIPPED [ 90%]
test/data/testSP.py::GaussianSPTest::testmoments[Gaussian/basicGaussian16/dvb_sp_no.out] SKIPPED [ 90%]
test/data/testSP.py::GaussianSPTest::testmetadata_basis_set[Gaussian/basicGaussian16/dvb_sp_no.out] SKIPPED [ 90%]
test/data/testSP.py::GaussianSPTest::testmetadata_input_file[Gaussian/basicGaussian16/dvb_sp_no.out] SKIPPED [ 90%]
test/data/testSP.py::GaussianSPTest::testmetadata_methods[Gaussian/basicGaussian16/dvb_sp_no.out] SKIPPED [ 90%]
test/data/testSP.py::GaussianSPTest::testmetadata_package[Gaussian/basicGaussian16/dvb_sp_no.out] SKIPPED [ 91%]
test/data/testSP.py::GaussianSPTest::testmetadata_legacy_package_version[Gaussian/basicGaussian16/dvb_sp_no.out] SKIPPED [ 91%]
test/data/testSP.py::GaussianSPTest::testmetadata_package_version[Gaussian/basicGaussian16/dvb_sp_no.out] SKIPPED [ 91%]
test/data/testSP.py::GaussianSPTest::testmetadata_success[Gaussian/basicGaussian16/dvb_sp_no.out] SKIPPED [ 91%]
test/data/testSP.py::GaussianSPTest::testmetadata_symmetry_detected[Gaussian/basicGaussian16/dvb_sp_no.out] SKIPPED [ 91%]
test/data/testSP.py::GaussianSPTest::testmetadata_symmetry_used[Gaussian/basicGaussian16/dvb_sp_no.out] SKIPPED [ 91%]
test/data/testSP.py::GaussianSPTest::testmetadata_times[Gaussian/basicGaussian16/dvb_sp_no.out] SKIPPED [ 91%]
test/data/testSP.py::PsiSPTest::testnatom[Psi4/basicPsi4-1.7/dvb_sp_rks.out] PASSED [ 91%]
test/data/testSP.py::PsiSPTest::testatomnos[Psi4/basicPsi4-1.7/dvb_sp_rks.out] PASSED [ 91%]
test/data/testSP.py::PsiSPTest::testatomcharges[Psi4/basicPsi4-1.7/dvb_sp_rks.out] SKIPPED [ 91%]
test/data/testSP.py::PsiSPTest::testatomcharges_mulliken[Psi4/basicPsi4-1.7/dvb_sp_rks.out] SKIPPED [ 92%]
test/data/testSP.py::PsiSPTest::testatomcharges_lowdin[Psi4/basicPsi4-1.7/dvb_sp_rks.out] SKIPPED [ 92%]
test/data/testSP.py::PsiSPTest::testatomcharges_hirshfeld[Psi4/basicPsi4-1.7/dvb_sp_rks.out] SKIPPED [ 92%]
test/data/testSP.py::PsiSPTest::testatomcoords[Psi4/basicPsi4-1.7/dvb_sp_rks.out] PASSED [ 92%]
test/data/testSP.py::PsiSPTest::testatomcoords_units[Psi4/basicPsi4-1.7/dvb_sp_rks.out] PASSED [ 92%]
test/data/testSP.py::PsiSPTest::testcharge_and_mult[Psi4/basicPsi4-1.7/dvb_sp_rks.out] PASSED [ 92%]
test/data/testSP.py::PsiSPTest::testnbasis[Psi4/basicPsi4-1.7/dvb_sp_rks.out] PASSED [ 92%]
test/data/testSP.py::PsiSPTest::testatombasis[Psi4/basicPsi4-1.7/dvb_sp_rks.out] PASSED [ 92%]
test/data/testSP.py::PsiSPTest::testatommasses[Psi4/basicPsi4-1.7/dvb_sp_rks.out] PASSED [ 92%]
test/data/testSP.py::PsiSPTest::testcoreelectrons[Psi4/basicPsi4-1.7/dvb_sp_rks.out] SKIPPED [ 93%]
test/data/testSP.py::PsiSPTest::testsymlabels[Psi4/basicPsi4-1.7/dvb_sp_rks.out] SKIPPED [ 93%]
test/data/testSP.py::PsiSPTest::testhomos[Psi4/basicPsi4-1.7/dvb_sp_rks.out] SKIPPED [ 93%]
test/data/testSP.py::PsiSPTest::testscfvaluetype[Psi4/basicPsi4-1.7/dvb_sp_rks.out] SKIPPED [ 93%]
test/data/testSP.py::PsiSPTest::testscfenergy[Psi4/basicPsi4-1.7/dvb_sp_rks.out] FAILED [ 93%]
test/data/testSP.py::PsiSPTest::testscftargetdim[Psi4/basicPsi4-1.7/dvb_sp_rks.out] SKIPPED [ 93%]
test/data/testSP.py::PsiSPTest::testscftargets[Psi4/basicPsi4-1.7/dvb_sp_rks.out] SKIPPED [ 93%]
test/data/testSP.py::PsiSPTest::testlengthmoenergies[Psi4/basicPsi4-1.7/dvb_sp_rks.out] PASSED [ 93%]
test/data/testSP.py::PsiSPTest::testtypemoenergies[Psi4/basicPsi4-1.7/dvb_sp_rks.out] PASSED [ 93%]
test/data/testSP.py::PsiSPTest::testfirstmoenergy[Psi4/basicPsi4-1.7/dvb_sp_rks.out] SKIPPED [ 93%]
test/data/testSP.py::PsiSPTest::testdimmocoeffs[Psi4/basicPsi4-1.7/dvb_sp_rks.out] PASSED [ 94%]
test/data/testSP.py::PsiSPTest::testfornoormo[Psi4/basicPsi4-1.7/dvb_sp_rks.out] PASSED [ 94%]
test/data/testSP.py::PsiSPTest::testdimnoccnos[Psi4/basicPsi4-1.7/dvb_sp_rks.out] PASSED [ 94%]
test/data/testSP.py::PsiSPTest::testdimnocoeffs[Psi4/basicPsi4-1.7/dvb_sp_rks.out] PASSED [ 94%]
test/data/testSP.py::PsiSPTest::testaooverlaps[Psi4/basicPsi4-1.7/dvb_sp_rks.out] SKIPPED [ 94%]
test/data/testSP.py::PsiSPTest::testoptdone[Psi4/basicPsi4-1.7/dvb_sp_rks.out] PASSED [ 94%]
test/data/testSP.py::PsiSPTest::testrotconsts[Psi4/basicPsi4-1.7/dvb_sp_rks.out] SKIPPED [ 94%]
test/data/testSP.py::PsiSPTest::testmoments[Psi4/basicPsi4-1.7/dvb_sp_rks.out] PASSED [ 94%]
test/data/testSP.py::PsiSPTest::testmetadata_basis_set[Psi4/basicPsi4-1.7/dvb_sp_rks.out] SKIPPED [ 94%]
test/data/testSP.py::PsiSPTest::testmetadata_input_file[Psi4/basicPsi4-1.7/dvb_sp_rks.out] SKIPPED [ 94%]
test/data/testSP.py::PsiSPTest::testmetadata_methods[Psi4/basicPsi4-1.7/dvb_sp_rks.out] SKIPPED [ 95%]
test/data/testSP.py::PsiSPTest::testmetadata_package[Psi4/basicPsi4-1.7/dvb_sp_rks.out] SKIPPED [ 95%]
test/data/testSP.py::PsiSPTest::testmetadata_legacy_package_version[Psi4/basicPsi4-1.7/dvb_sp_rks.out] SKIPPED [ 95%]
test/data/testSP.py::PsiSPTest::testmetadata_package_version[Psi4/basicPsi4-1.7/dvb_sp_rks.out] SKIPPED [ 95%]
test/data/testSP.py::PsiSPTest::testmetadata_success[Psi4/basicPsi4-1.7/dvb_sp_rks.out] SKIPPED [ 95%]
test/data/testSP.py::PsiSPTest::testmetadata_symmetry_detected[Psi4/basicPsi4-1.7/dvb_sp_rks.out] SKIPPED [ 95%]
test/data/testSP.py::PsiSPTest::testmetadata_symmetry_used[Psi4/basicPsi4-1.7/dvb_sp_rks.out] SKIPPED [ 95%]
test/data/testSP.py::PsiSPTest::testmetadata_times[Psi4/basicPsi4-1.7/dvb_sp_rks.out] SKIPPED [ 95%]
test/data/testSP.py::PsiHFSPTest::testnatom[Psi4/basicPsi4-1.7/dvb_sp_rhf.out] PASSED [ 95%]
test/data/testSP.py::PsiHFSPTest::testatomnos[Psi4/basicPsi4-1.7/dvb_sp_rhf.out] PASSED [ 96%]
test/data/testSP.py::PsiHFSPTest::testatomcharges[Psi4/basicPsi4-1.7/dvb_sp_rhf.out] SKIPPED [ 96%]
test/data/testSP.py::PsiHFSPTest::testatomcharges_mulliken[Psi4/basicPsi4-1.7/dvb_sp_rhf.out] SKIPPED [ 96%]
test/data/testSP.py::PsiHFSPTest::testatomcharges_lowdin[Psi4/basicPsi4-1.7/dvb_sp_rhf.out] SKIPPED [ 96%]
test/data/testSP.py::PsiHFSPTest::testatomcharges_hirshfeld[Psi4/basicPsi4-1.7/dvb_sp_rhf.out] SKIPPED [ 96%]
test/data/testSP.py::PsiHFSPTest::testatomcoords[Psi4/basicPsi4-1.7/dvb_sp_rhf.out] PASSED [ 96%]
test/data/testSP.py::PsiHFSPTest::testatomcoords_units[Psi4/basicPsi4-1.7/dvb_sp_rhf.out] PASSED [ 96%]
test/data/testSP.py::PsiHFSPTest::testcharge_and_mult[Psi4/basicPsi4-1.7/dvb_sp_rhf.out] PASSED [ 96%]
test/data/testSP.py::PsiHFSPTest::testnbasis[Psi4/basicPsi4-1.7/dvb_sp_rhf.out] PASSED [ 96%]
test/data/testSP.py::PsiHFSPTest::testatombasis[Psi4/basicPsi4-1.7/dvb_sp_rhf.out] PASSED [ 96%]
test/data/testSP.py::PsiHFSPTest::testatommasses[Psi4/basicPsi4-1.7/dvb_sp_rhf.out] PASSED [ 97%]
test/data/testSP.py::PsiHFSPTest::testcoreelectrons[Psi4/basicPsi4-1.7/dvb_sp_rhf.out] SKIPPED [ 97%]
test/data/testSP.py::PsiHFSPTest::testsymlabels[Psi4/basicPsi4-1.7/dvb_sp_rhf.out] SKIPPED [ 97%]
test/data/testSP.py::PsiHFSPTest::testhomos[Psi4/basicPsi4-1.7/dvb_sp_rhf.out] SKIPPED [ 97%]
test/data/testSP.py::PsiHFSPTest::testscfvaluetype[Psi4/basicPsi4-1.7/dvb_sp_rhf.out] SKIPPED [ 97%]
test/data/testSP.py::PsiHFSPTest::testscfenergy[Psi4/basicPsi4-1.7/dvb_sp_rhf.out] PASSED [ 97%]
test/data/testSP.py::PsiHFSPTest::testscftargetdim[Psi4/basicPsi4-1.7/dvb_sp_rhf.out] SKIPPED [ 97%]
test/data/testSP.py::PsiHFSPTest::testscftargets[Psi4/basicPsi4-1.7/dvb_sp_rhf.out] SKIPPED [ 97%]
test/data/testSP.py::PsiHFSPTest::testlengthmoenergies[Psi4/basicPsi4-1.7/dvb_sp_rhf.out] PASSED [ 97%]
test/data/testSP.py::PsiHFSPTest::testtypemoenergies[Psi4/basicPsi4-1.7/dvb_sp_rhf.out] PASSED [ 98%]
test/data/testSP.py::PsiHFSPTest::testfirstmoenergy[Psi4/basicPsi4-1.7/dvb_sp_rhf.out] SKIPPED [ 98%]
test/data/testSP.py::PsiHFSPTest::testdimmocoeffs[Psi4/basicPsi4-1.7/dvb_sp_rhf.out] PASSED [ 98%]
test/data/testSP.py::PsiHFSPTest::testfornoormo[Psi4/basicPsi4-1.7/dvb_sp_rhf.out] PASSED [ 98%]
test/data/testSP.py::PsiHFSPTest::testdimnoccnos[Psi4/basicPsi4-1.7/dvb_sp_rhf.out] PASSED [ 98%]
test/data/testSP.py::PsiHFSPTest::testdimnocoeffs[Psi4/basicPsi4-1.7/dvb_sp_rhf.out] PASSED [ 98%]
test/data/testSP.py::PsiHFSPTest::testaooverlaps[Psi4/basicPsi4-1.7/dvb_sp_rhf.out] SKIPPED [ 98%]
test/data/testSP.py::PsiHFSPTest::testoptdone[Psi4/basicPsi4-1.7/dvb_sp_rhf.out] PASSED [ 98%]
test/data/testSP.py::PsiHFSPTest::testrotconsts[Psi4/basicPsi4-1.7/dvb_sp_rhf.out] SKIPPED [ 98%]
test/data/testSP.py::PsiHFSPTest::testmoments[Psi4/basicPsi4-1.7/dvb_sp_rhf.out] PASSED [ 98%]
test/data/testSP.py::PsiHFSPTest::testmetadata_basis_set[Psi4/basicPsi4-1.7/dvb_sp_rhf.out] SKIPPED [ 99%]
test/data/testSP.py::PsiHFSPTest::testmetadata_input_file[Psi4/basicPsi4-1.7/dvb_sp_rhf.out] SKIPPED [ 99%]
test/data/testSP.py::PsiHFSPTest::testmetadata_methods[Psi4/basicPsi4-1.7/dvb_sp_rhf.out] SKIPPED [ 99%]
test/data/testSP.py::PsiHFSPTest::testmetadata_package[Psi4/basicPsi4-1.7/dvb_sp_rhf.out] SKIPPED [ 99%]
test/data/testSP.py::PsiHFSPTest::testmetadata_legacy_package_version[Psi4/basicPsi4-1.7/dvb_sp_rhf.out] SKIPPED [ 99%]
test/data/testSP.py::PsiHFSPTest::testmetadata_package_version[Psi4/basicPsi4-1.7/dvb_sp_rhf.out] SKIPPED [ 99%]
test/data/testSP.py::PsiHFSPTest::testmetadata_success[Psi4/basicPsi4-1.7/dvb_sp_rhf.out] SKIPPED [ 99%]
test/data/testSP.py::PsiHFSPTest::testmetadata_symmetry_detected[Psi4/basicPsi4-1.7/dvb_sp_rhf.out] SKIPPED [ 99%]
test/data/testSP.py::PsiHFSPTest::testmetadata_symmetry_used[Psi4/basicPsi4-1.7/dvb_sp_rhf.out] SKIPPED [ 99%]
test/data/testSP.py::PsiHFSPTest::testmetadata_times[Psi4/basicPsi4-1.7/dvb_sp_rhf.out] SKIPPED [100%]

=================================== FAILURES ===================================
_________ PsiSPTest.testscfenergy[Psi4/basicPsi4-1.2.1/dvb_sp_rks.out] _________

self = <test.data.testSP.PsiSPTest object at 0x7f81bb17bca0>
data = <cclib.driver.ccdriver.ccDriver object at 0x7f81bb4ebd90>

    def tstwrapper(self, data) -> None:
        if any(fragment in filename for filename in data._fileHandler.filenames):
            pytest.skip(reason=f"{fragment}: {msg}")
        else:
>           testfunc(self, data)

test/data/skip.py:80: 
_ _ _ _ _ _ _ _ _ _ _ _ _ _ _ _ _ _ _ _ _ _ _ _ _ _ _ _ _ _ _ _ _ _ _ _ _ _ _ _ 
test/data/skip.py:80: in tstwrapper
    testfunc(self, data)
test/data/skip.py:48: in tstwrapper
    testfunc(self, data)
test/data/skip.py:48: in tstwrapper
    testfunc(self, data)
test/data/testSP.py:303: in testscfenergy
    abs(data._ccCollection._parsed_data[0].scfenergies[-1] - self.scfenergy)
../../envs/cclib_dev_3.13/lib/python3.13/site-packages/pint/facets/plain/quantity.py:889: in __rsub__
    return -self._add_sub(other, operator.sub)
../../envs/cclib_dev_3.13/lib/python3.13/site-packages/pint/facets/plain/quantity.py:101: in wrapped
    return f(self, *args, **kwargs)
_ _ _ _ _ _ _ _ _ _ _ _ _ _ _ _ _ _ _ _ _ _ _ _ _ _ _ _ _ _ _ _ _ _ _ _ _ _ _ _ 

self = <Quantity(-382.308267, 'hartree')>, other = -382.3109224976988
op = <built-in function sub>

    @check_implemented
    def _add_sub(self, other, op):
        """Perform addition or subtraction operation and return the result.
    
        Parameters
        ----------
        other : pint.PlainQuantity or any type accepted by :func:`_to_magnitude`
            object to be added to / subtracted from self
        op : function
            operator function (e.g. operator.add, operator.isub)
        """
        if not self._check(other):
            # other not from same Registry or not a PlainQuantity
            if zero_or_nan(other, True):
                # If the other value is 0 or NaN (but not a PlainQuantity)
                # do the operation without checking units.
                # We do the calculation instead of just returning the same
                # value to enforce any shape checking and type casting due to
                # the operation.
                units = self._units
                magnitude = op(
                    self._magnitude,
                    _to_magnitude(other, self.force_ndarray, self.force_ndarray_like),
                )
            elif self.dimensionless:
                units = self.UnitsContainer()
                magnitude = op(
                    self.to(units)._magnitude,
                    _to_magnitude(other, self.force_ndarray, self.force_ndarray_like),
                )
            else:
>               raise DimensionalityError(self._units, "dimensionless")
E               pint.errors.DimensionalityError: Cannot convert from 'hartree' to 'dimensionless'

../../envs/cclib_dev_3.13/lib/python3.13/site-packages/pint/facets/plain/quantity.py:748: DimensionalityError
_________ PsiSPTest.testscfenergy[Psi4/basicPsi4-1.3.1/dvb_sp_rks.out] _________

self = <test.data.testSP.PsiSPTest object at 0x7f81bb17bfc0>
data = <cclib.driver.ccdriver.ccDriver object at 0x7f81bb5f67b0>

    def tstwrapper(self, data) -> None:
        if any(fragment in filename for filename in data._fileHandler.filenames):
            pytest.skip(reason=f"{fragment}: {msg}")
        else:
>           testfunc(self, data)

test/data/skip.py:80: 
_ _ _ _ _ _ _ _ _ _ _ _ _ _ _ _ _ _ _ _ _ _ _ _ _ _ _ _ _ _ _ _ _ _ _ _ _ _ _ _ 
test/data/skip.py:80: in tstwrapper
    testfunc(self, data)
test/data/skip.py:48: in tstwrapper
    testfunc(self, data)
test/data/skip.py:48: in tstwrapper
    testfunc(self, data)
test/data/testSP.py:303: in testscfenergy
    abs(data._ccCollection._parsed_data[0].scfenergies[-1] - self.scfenergy)
../../envs/cclib_dev_3.13/lib/python3.13/site-packages/pint/facets/plain/quantity.py:889: in __rsub__
    return -self._add_sub(other, operator.sub)
../../envs/cclib_dev_3.13/lib/python3.13/site-packages/pint/facets/plain/quantity.py:101: in wrapped
    return f(self, *args, **kwargs)
_ _ _ _ _ _ _ _ _ _ _ _ _ _ _ _ _ _ _ _ _ _ _ _ _ _ _ _ _ _ _ _ _ _ _ _ _ _ _ _ 

self = <Quantity(-382.308267, 'hartree')>, other = -382.3109224963133
op = <built-in function sub>

    @check_implemented
    def _add_sub(self, other, op):
        """Perform addition or subtraction operation and return the result.
    
        Parameters
        ----------
        other : pint.PlainQuantity or any type accepted by :func:`_to_magnitude`
            object to be added to / subtracted from self
        op : function
            operator function (e.g. operator.add, operator.isub)
        """
        if not self._check(other):
            # other not from same Registry or not a PlainQuantity
            if zero_or_nan(other, True):
                # If the other value is 0 or NaN (but not a PlainQuantity)
                # do the operation without checking units.
                # We do the calculation instead of just returning the same
                # value to enforce any shape checking and type casting due to
                # the operation.
                units = self._units
                magnitude = op(
                    self._magnitude,
                    _to_magnitude(other, self.force_ndarray, self.force_ndarray_like),
                )
            elif self.dimensionless:
                units = self.UnitsContainer()
                magnitude = op(
                    self.to(units)._magnitude,
                    _to_magnitude(other, self.force_ndarray, self.force_ndarray_like),
                )
            else:
>               raise DimensionalityError(self._units, "dimensionless")
E               pint.errors.DimensionalityError: Cannot convert from 'hartree' to 'dimensionless'

../../envs/cclib_dev_3.13/lib/python3.13/site-packages/pint/facets/plain/quantity.py:748: DimensionalityError
__________ PsiSPTest.testscfenergy[Psi4/basicPsi4-1.7/dvb_sp_rks.out] __________

self = <test.data.testSP.PsiSPTest object at 0x7f81bb17be80>
data = <cclib.driver.ccdriver.ccDriver object at 0x7f81baf58550>

    def tstwrapper(self, data) -> None:
        if any(fragment in filename for filename in data._fileHandler.filenames):
            pytest.skip(reason=f"{fragment}: {msg}")
        else:
>           testfunc(self, data)

test/data/skip.py:80: 
_ _ _ _ _ _ _ _ _ _ _ _ _ _ _ _ _ _ _ _ _ _ _ _ _ _ _ _ _ _ _ _ _ _ _ _ _ _ _ _ 
test/data/skip.py:80: in tstwrapper
    testfunc(self, data)
test/data/skip.py:48: in tstwrapper
    testfunc(self, data)
test/data/skip.py:48: in tstwrapper
    testfunc(self, data)
test/data/testSP.py:303: in testscfenergy
    abs(data._ccCollection._parsed_data[0].scfenergies[-1] - self.scfenergy)
../../envs/cclib_dev_3.13/lib/python3.13/site-packages/pint/facets/plain/quantity.py:889: in __rsub__
    return -self._add_sub(other, operator.sub)
../../envs/cclib_dev_3.13/lib/python3.13/site-packages/pint/facets/plain/quantity.py:101: in wrapped
    return f(self, *args, **kwargs)
_ _ _ _ _ _ _ _ _ _ _ _ _ _ _ _ _ _ _ _ _ _ _ _ _ _ _ _ _ _ _ _ _ _ _ _ _ _ _ _ 

self = <Quantity(-382.308267, 'hartree')>, other = -382.31091156274687
op = <built-in function sub>

    @check_implemented
    def _add_sub(self, other, op):
        """Perform addition or subtraction operation and return the result.
    
        Parameters
        ----------
        other : pint.PlainQuantity or any type accepted by :func:`_to_magnitude`
            object to be added to / subtracted from self
        op : function
            operator function (e.g. operator.add, operator.isub)
        """
        if not self._check(other):
            # other not from same Registry or not a PlainQuantity
            if zero_or_nan(other, True):
                # If the other value is 0 or NaN (but not a PlainQuantity)
                # do the operation without checking units.
                # We do the calculation instead of just returning the same
                # value to enforce any shape checking and type casting due to
                # the operation.
                units = self._units
                magnitude = op(
                    self._magnitude,
                    _to_magnitude(other, self.force_ndarray, self.force_ndarray_like),
                )
            elif self.dimensionless:
                units = self.UnitsContainer()
                magnitude = op(
                    self.to(units)._magnitude,
                    _to_magnitude(other, self.force_ndarray, self.force_ndarray_like),
                )
            else:
>               raise DimensionalityError(self._units, "dimensionless")
E               pint.errors.DimensionalityError: Cannot convert from 'hartree' to 'dimensionless'

../../envs/cclib_dev_3.13/lib/python3.13/site-packages/pint/facets/plain/quantity.py:748: DimensionalityError
=========================== short test summary info ============================
SKIPPED [14] test/data/testSP.py: got empty parameter set ['data'], function testnatom at /home/amanda/software/cclib/main/test/data/testSP.py:41
SKIPPED [489] test/data/skip.py: got empty parameter set ['data'], function tstwrapper at /home/amanda/software/cclib/main/test/data/skip.py:40
SKIPPED [39] test/data/skip.py: got empty parameter set ['data'], function tstwrapper at /home/amanda/software/cclib/main/test/data/skip.py:75
SKIPPED [14] test/data/testSP.py: got empty parameter set ['data'], function testtypemoenergies at /home/amanda/software/cclib/main/test/data/testSP.py:333
SKIPPED [14] test/data/testSP.py: got empty parameter set ['data'], function testoptdone at /home/amanda/software/cclib/main/test/data/testSP.py:432
SKIPPED [1] test/data/testSP.py: got empty parameter set ['data'], function testfoverlaps at /home/amanda/software/cclib/main/test/data/testSP.py:690
SKIPPED [42] test/data/skip.py:46: Gaussian: The parser is still being converted to version 2
SKIPPED [3] test/data/skip.py:46: Gaussian: Lowdin charges not present by default
SKIPPED [3] test/data/skip.py:46: Gaussian: Hirshfeld charges not implemented
SKIPPED [3] test/data/skip.py:46: Gaussian: The parser is still being developed for version 2
SKIPPED [3] test/data/skip.py:46: Gaussian: Logfile needs to be updated
SKIPPED [1] test/data/testSP.py: got empty parameter set ['data'], function testlengthmoenergies at /home/amanda/software/cclib/main/test/data/testSP.py:727
SKIPPED [60] test/data/skip.py:46: Psi4: The parser is still being converted to version 2
SKIPPED [6] test/data/skip.py:46: Psi4: Hirshfeld charges not implemented
SKIPPED [42] test/data/skip.py:46: Psi4: The parser is still being developed for version 2
SKIPPED [6] test/data/skip.py:46: Psi4: Psi4 does not currently have the option to print the overlap matrix
SKIPPED [6] test/data/skip.py:46: Psi4: Not implemented yes
SKIPPED [6] test/data/skip.py:46: Psi4: reading basis set names is not implemented
SKIPPED [6] test/data/skip.py:46: Psi4: reading input file contents and name is not implemented
SKIPPED [6] test/data/skip.py:46: Psi4: reading cpu/wall time is not implemented for this parser
SKIPPED [1] test/data/testSP.py: got empty parameter set ['data'], function testpopulations at /home/amanda/software/cclib/main/test/data/testSP.py:777
SKIPPED [2] test/data/testSP.py: got empty parameter set ['data'], function testmetadata_basis_set at /home/amanda/software/cclib/main/test/data/testSP.py:807
SKIPPED [1] test/data/testSP.py: got empty parameter set ['data'], function testscfenergy at /home/amanda/software/cclib/main/test/data/testSP.py:824
SKIPPED [12] test/data/testSP.py: got empty parameter set ['data'], function test_solvent_model at /home/amanda/software/cclib/main/test/data/testSP.py:859
SKIPPED [1] test/data/testSP.py: got empty parameter set ['data'], function testmetadata_cpu at /home/amanda/software/cclib/main/test/data/testSP.py:942
SKIPPED [1] test/data/testSP.py: got empty parameter set ['data'], function testmetadata_memory_available at /home/amanda/software/cclib/main/test/data/testSP.py:946
SKIPPED [1] test/data/testSP.py: got empty parameter set ['data'], function testmetadata_memory_used at /home/amanda/software/cclib/main/test/data/testSP.py:951
SKIPPED [1] test/data/testSP.py: got empty parameter set ['data'], function testmetadata_cpu at /home/amanda/software/cclib/main/test/data/testSP.py:959
SKIPPED [1] test/data/testSP.py: got empty parameter set ['data'], function testmetadata_memory_available at /home/amanda/software/cclib/main/test/data/testSP.py:963
SKIPPED [1] test/data/testSP.py: got empty parameter set ['data'], function testmetadata_memory_used at /home/amanda/software/cclib/main/test/data/testSP.py:968
SKIPPED [1] test/data/testSP.py: got empty parameter set ['data'], function testmetadata_cpu at /home/amanda/software/cclib/main/test/data/testSP.py:976
SKIPPED [1] test/data/testSP.py: got empty parameter set ['data'], function testmetadata_memory_available at /home/amanda/software/cclib/main/test/data/testSP.py:980
SKIPPED [1] test/data/skip.py:78: Gaussian/basicGaussian16/dvb_sp_no.out: no energies for natural orbitals
FAILED test/data/testSP.py::PsiSPTest::testscfenergy[Psi4/basicPsi4-1.2.1/dvb_sp_rks.out]
FAILED test/data/testSP.py::PsiSPTest::testscfenergy[Psi4/basicPsi4-1.3.1/dvb_sp_rks.out]
FAILED test/data/testSP.py::PsiSPTest::testscfenergy[Psi4/basicPsi4-1.7/dvb_sp_rks.out]
================== 3 failed, 166 passed, 789 skipped in 1.61s ==================
